2017-09-10 08:51:21 MSK ВАЖНО:  система баз данных запускается
2017-09-10 08:51:21 MSK СООБЩЕНИЕ:  работа системы БД была прервана; последний момент работы: 2017-09-09 08:22:39 MSK
2017-09-10 08:51:22 MSK СООБЩЕНИЕ:  не удалось получить данные от клиента: An established connection was aborted by the software in your host machine.
	
2017-09-10 08:51:22 MSK ВАЖНО:  система баз данных запускается
2017-09-10 08:51:23 MSK ВАЖНО:  система баз данных запускается
2017-09-10 08:51:24 MSK ВАЖНО:  система баз данных запускается
2017-09-10 08:51:25 MSK ВАЖНО:  система баз данных запускается
2017-09-10 08:51:26 MSK ВАЖНО:  система баз данных запускается
2017-09-10 08:51:27 MSK ВАЖНО:  система баз данных запускается
2017-09-10 08:51:28 MSK ВАЖНО:  система баз данных запускается
2017-09-10 08:51:30 MSK ВАЖНО:  система баз данных запускается
2017-09-10 08:51:31 MSK ВАЖНО:  система баз данных запускается
2017-09-10 08:51:32 MSK ВАЖНО:  система баз данных запускается
2017-09-10 08:51:46 MSK ВАЖНО:  система баз данных запускается
2017-09-10 08:51:46 MSK СООБЩЕНИЕ:  не удалось получить данные от клиента: An established connection was aborted by the software in your host machine.
	
2017-09-10 08:51:47 MSK ВАЖНО:  система баз данных запускается
2017-09-10 08:51:48 MSK ВАЖНО:  система баз данных запускается
2017-09-10 08:51:49 MSK ВАЖНО:  система баз данных запускается
2017-09-10 08:51:50 MSK ВАЖНО:  система баз данных запускается
2017-09-10 08:51:51 MSK ВАЖНО:  система баз данных запускается
2017-09-10 08:51:52 MSK ВАЖНО:  система баз данных запускается
2017-09-10 08:51:53 MSK ВАЖНО:  система баз данных запускается
2017-09-10 08:51:54 MSK ВАЖНО:  система баз данных запускается
2017-09-10 08:51:55 MSK ВАЖНО:  система баз данных запускается
2017-09-10 08:51:56 MSK ВАЖНО:  система баз данных запускается
2017-09-10 08:51:57 MSK ВАЖНО:  система баз данных запускается
2017-09-10 08:51:58 MSK ВАЖНО:  система баз данных запускается
2017-09-10 08:51:59 MSK ВАЖНО:  система баз данных запускается
2017-09-10 08:52:01 MSK ВАЖНО:  система баз данных запускается
2017-09-10 08:52:02 MSK ВАЖНО:  система баз данных запускается
2017-09-10 08:52:03 MSK ВАЖНО:  система баз данных запускается
2017-09-10 08:52:04 MSK ВАЖНО:  система баз данных запускается
2017-09-10 08:52:05 MSK ВАЖНО:  система баз данных запускается
2017-09-10 08:52:06 MSK ВАЖНО:  система баз данных запускается
2017-09-10 08:52:07 MSK ВАЖНО:  система баз данных запускается
2017-09-10 08:52:08 MSK ВАЖНО:  система баз данных запускается
2017-09-10 08:52:09 MSK ВАЖНО:  система баз данных запускается
2017-09-10 08:52:10 MSK ВАЖНО:  система баз данных запускается
2017-09-10 08:52:11 MSK ВАЖНО:  система баз данных запускается
2017-09-10 08:52:12 MSK ВАЖНО:  система баз данных запускается
2017-09-10 08:52:13 MSK ВАЖНО:  система баз данных запускается
2017-09-10 08:52:14 MSK ВАЖНО:  система баз данных запускается
2017-09-10 08:52:15 MSK ВАЖНО:  система баз данных запускается
2017-09-10 08:52:16 MSK ВАЖНО:  система баз данных запускается
2017-09-10 08:52:17 MSK ВАЖНО:  система баз данных запускается
2017-09-10 08:52:18 MSK ВАЖНО:  система баз данных запускается
2017-09-10 08:52:19 MSK ВАЖНО:  система баз данных запускается
2017-09-10 08:52:20 MSK ВАЖНО:  система баз данных запускается
2017-09-10 08:52:21 MSK ВАЖНО:  система баз данных запускается
2017-09-10 08:52:22 MSK ВАЖНО:  система баз данных запускается
2017-09-10 08:52:23 MSK ВАЖНО:  система баз данных запускается
2017-09-10 08:52:24 MSK ВАЖНО:  система баз данных запускается
2017-09-10 08:54:58 MSK СООБЩЕНИЕ:  система БД была остановлена нештатно; производится автоматическое восстановление
2017-09-10 08:54:58 MSK СООБЩЕНИЕ:  неверная длина записи по смещению 0/17B6DC0
2017-09-10 08:54:58 MSK СООБЩЕНИЕ:  данные REDO не требуются
2017-09-10 08:54:58 MSK СООБЩЕНИЕ:  Защита от наложения мультитранзакций сейчас включена
2017-09-10 08:54:58 MSK СООБЩЕНИЕ:  система БД готова принимать подключения
2017-09-10 08:54:58 MSK СООБЩЕНИЕ:  процесс запуска автоочистки создан
2017-09-10 08:56:38 MSK СООБЩЕНИЕ:  процесс запуска автоочистки (PID 2260) завершился с кодом выхода 1
2017-09-10 08:56:38 MSK СООБЩЕНИЕ:  завершение всех остальных активных серверных процессов
2017-09-10 08:56:38 MSK СООБЩЕНИЕ:  все серверные процессы завершены... переинициализация
2017-09-10 08:56:38 MSK СООБЩЕНИЕ:  работа системы БД была прервана; последний момент работы: 2017-09-10 08:54:58 MSK
2017-09-10 08:57:37 MSK СООБЩЕНИЕ:  система БД была остановлена нештатно; производится автоматическое восстановление
2017-09-10 08:57:38 MSK СООБЩЕНИЕ:  неверная длина записи по смещению 0/17B6E30
2017-09-10 08:57:38 MSK СООБЩЕНИЕ:  данные REDO не требуются
2017-09-10 08:57:38 MSK СООБЩЕНИЕ:  Защита от наложения мультитранзакций сейчас включена
2017-09-10 08:57:38 MSK СООБЩЕНИЕ:  система БД готова принимать подключения
2017-09-10 08:57:38 MSK СООБЩЕНИЕ:  процесс запуска автоочистки создан
2017-09-10 21:52:53 MSK СООБЩЕНИЕ:  получен запрос на быстрое выключение
2017-09-10 21:52:54 MSK СООБЩЕНИЕ:  прерывание всех активных транзакций
2017-09-10 21:52:56 MSK СООБЩЕНИЕ:  процесс запуска автоочистки завершается
2017-09-10 21:52:59 MSK СООБЩЕНИЕ:  выключение
2017-09-10 21:53:00 MSK СООБЩЕНИЕ:  система БД выключена
