2017-08-31 21:26:35 MSK ВАЖНО:  система баз данных запускается
2017-08-31 21:26:35 MSK СООБЩЕНИЕ:  работа системы БД была прервана; последний момент работы: 2017-08-31 08:07:44 MSK
2017-08-31 21:26:36 MSK ВАЖНО:  система баз данных запускается
2017-08-31 21:26:37 MSK ВАЖНО:  система баз данных запускается
2017-08-31 21:26:49 MSK СООБЩЕНИЕ:  не удалось получить данные от клиента: An existing connection was forcibly closed by the remote host.
	
2017-08-31 21:26:49 MSK ВАЖНО:  система баз данных запускается
2017-08-31 21:26:51 MSK ВАЖНО:  система баз данных запускается
2017-08-31 21:26:52 MSK ВАЖНО:  система баз данных запускается
2017-08-31 21:26:53 MSK ВАЖНО:  система баз данных запускается
2017-08-31 21:26:54 MSK ВАЖНО:  система баз данных запускается
2017-08-31 21:26:56 MSK ВАЖНО:  система баз данных запускается
2017-08-31 21:26:57 MSK ВАЖНО:  система баз данных запускается
2017-08-31 21:26:58 MSK ВАЖНО:  система баз данных запускается
2017-08-31 21:26:59 MSK ВАЖНО:  система баз данных запускается
2017-08-31 21:27:00 MSK ВАЖНО:  система баз данных запускается
2017-08-31 21:27:01 MSK ВАЖНО:  система баз данных запускается
2017-08-31 21:27:02 MSK ВАЖНО:  система баз данных запускается
2017-08-31 21:27:03 MSK ВАЖНО:  система баз данных запускается
2017-08-31 21:27:04 MSK ВАЖНО:  система баз данных запускается
2017-08-31 21:27:05 MSK ВАЖНО:  система баз данных запускается
2017-08-31 21:27:07 MSK ВАЖНО:  система баз данных запускается
2017-08-31 21:27:08 MSK ВАЖНО:  система баз данных запускается
2017-08-31 21:27:09 MSK ВАЖНО:  система баз данных запускается
2017-08-31 21:27:10 MSK ВАЖНО:  система баз данных запускается
2017-08-31 21:27:11 MSK ВАЖНО:  система баз данных запускается
2017-08-31 21:27:12 MSK ВАЖНО:  система баз данных запускается
2017-08-31 21:27:13 MSK ВАЖНО:  система баз данных запускается
2017-08-31 21:27:14 MSK ВАЖНО:  система баз данных запускается
2017-08-31 21:27:15 MSK ВАЖНО:  система баз данных запускается
2017-08-31 21:27:16 MSK ВАЖНО:  система баз данных запускается
2017-08-31 21:27:17 MSK ВАЖНО:  система баз данных запускается
2017-08-31 21:27:17 MSK СООБЩЕНИЕ:  система БД была остановлена нештатно; производится автоматическое восстановление
2017-08-31 21:27:17 MSK СООБЩЕНИЕ:  неверная длина записи по смещению 0/17B6650
2017-08-31 21:27:17 MSK СООБЩЕНИЕ:  данные REDO не требуются
2017-08-31 21:27:17 MSK СООБЩЕНИЕ:  Защита от наложения мультитранзакций сейчас включена
2017-08-31 21:27:17 MSK СООБЩЕНИЕ:  система БД готова принимать подключения
2017-08-31 21:27:17 MSK СООБЩЕНИЕ:  процесс запуска автоочистки создан
2017-08-31 23:25:47 MSK СООБЩЕНИЕ:  получен запрос на быстрое выключение
2017-08-31 23:25:48 MSK СООБЩЕНИЕ:  прерывание всех активных транзакций
2017-08-31 23:25:48 MSK СООБЩЕНИЕ:  процесс запуска автоочистки завершается
2017-08-31 23:25:50 MSK СООБЩЕНИЕ:  выключение
2017-08-31 23:25:51 MSK СООБЩЕНИЕ:  система БД выключена
