2017-09-04 19:19:35 MSK ВАЖНО:  система баз данных запускается
2017-09-04 19:19:35 MSK СООБЩЕНИЕ:  работа системы БД была прервана; последний момент работы: 2017-09-04 07:14:13 MSK
2017-09-04 19:19:36 MSK ВАЖНО:  система баз данных запускается
2017-09-04 19:19:37 MSK ВАЖНО:  система баз данных запускается
2017-09-04 19:19:39 MSK ВАЖНО:  система баз данных запускается
2017-09-04 19:19:40 MSK ВАЖНО:  система баз данных запускается
2017-09-04 19:19:41 MSK ВАЖНО:  система баз данных запускается
2017-09-04 19:19:42 MSK ВАЖНО:  система баз данных запускается
2017-09-04 19:19:43 MSK ВАЖНО:  система баз данных запускается
2017-09-04 19:19:44 MSK ВАЖНО:  система баз данных запускается
2017-09-04 19:19:45 MSK ВАЖНО:  система баз данных запускается
2017-09-04 19:19:46 MSK ВАЖНО:  система баз данных запускается
2017-09-04 19:19:47 MSK ВАЖНО:  система баз данных запускается
2017-09-04 19:19:48 MSK ВАЖНО:  система баз данных запускается
2017-09-04 19:19:49 MSK ВАЖНО:  система баз данных запускается
2017-09-04 19:19:50 MSK ВАЖНО:  система баз данных запускается
2017-09-04 19:19:51 MSK ВАЖНО:  система баз данных запускается
2017-09-04 19:19:52 MSK ВАЖНО:  система баз данных запускается
2017-09-04 19:19:53 MSK ВАЖНО:  система баз данных запускается
2017-09-04 19:19:54 MSK ВАЖНО:  система баз данных запускается
2017-09-04 19:20:35 MSK ВАЖНО:  система баз данных запускается
2017-09-04 19:20:35 MSK СООБЩЕНИЕ:  не удалось получить данные от клиента: An established connection was aborted by the software in your host machine.
	
2017-09-04 19:20:35 MSK СООБЩЕНИЕ:  не удалось получить данные от клиента: An established connection was aborted by the software in your host machine.
	
2017-09-04 19:20:35 MSK СООБЩЕНИЕ:  не удалось получить данные от клиента: An established connection was aborted by the software in your host machine.
	
2017-09-04 19:20:35 MSK СООБЩЕНИЕ:  не удалось получить данные от клиента: An established connection was aborted by the software in your host machine.
	
2017-09-04 19:20:36 MSK ВАЖНО:  система баз данных запускается
2017-09-04 19:20:37 MSK ВАЖНО:  система баз данных запускается
2017-09-04 19:20:38 MSK ВАЖНО:  система баз данных запускается
2017-09-04 19:20:39 MSK ВАЖНО:  система баз данных запускается
2017-09-04 19:20:40 MSK ВАЖНО:  система баз данных запускается
2017-09-04 19:20:41 MSK ВАЖНО:  система баз данных запускается
2017-09-04 19:20:42 MSK ВАЖНО:  система баз данных запускается
2017-09-04 19:20:43 MSK ВАЖНО:  система баз данных запускается
2017-09-04 19:20:44 MSK ВАЖНО:  система баз данных запускается
2017-09-04 19:20:45 MSK ВАЖНО:  система баз данных запускается
2017-09-04 19:20:46 MSK ВАЖНО:  система баз данных запускается
2017-09-04 19:20:47 MSK ВАЖНО:  система баз данных запускается
2017-09-04 19:20:48 MSK ВАЖНО:  система баз данных запускается
2017-09-04 19:20:49 MSK ВАЖНО:  система баз данных запускается
2017-09-04 19:20:50 MSK ВАЖНО:  система баз данных запускается
2017-09-04 19:20:51 MSK ВАЖНО:  система баз данных запускается
2017-09-04 19:20:52 MSK ВАЖНО:  система баз данных запускается
2017-09-04 19:20:53 MSK ВАЖНО:  система баз данных запускается
2017-09-04 19:20:54 MSK ВАЖНО:  система баз данных запускается
2017-09-04 19:20:55 MSK ВАЖНО:  система баз данных запускается
2017-09-04 19:20:56 MSK ВАЖНО:  система баз данных запускается
2017-09-04 19:20:57 MSK ВАЖНО:  система баз данных запускается
2017-09-04 19:20:58 MSK ВАЖНО:  система баз данных запускается
2017-09-04 19:20:59 MSK ВАЖНО:  система баз данных запускается
2017-09-04 19:21:00 MSK ВАЖНО:  система баз данных запускается
2017-09-04 19:21:02 MSK ВАЖНО:  система баз данных запускается
2017-09-04 19:21:03 MSK ВАЖНО:  система баз данных запускается
2017-09-04 19:21:04 MSK ВАЖНО:  система баз данных запускается
2017-09-04 19:21:05 MSK ВАЖНО:  система баз данных запускается
2017-09-04 19:21:06 MSK ВАЖНО:  система баз данных запускается
2017-09-04 19:22:40 MSK СООБЩЕНИЕ:  система БД была остановлена нештатно; производится автоматическое восстановление
2017-09-04 19:22:40 MSK СООБЩЕНИЕ:  неверная длина записи по смещению 0/17B68F0
2017-09-04 19:22:40 MSK СООБЩЕНИЕ:  данные REDO не требуются
2017-09-04 19:22:40 MSK СООБЩЕНИЕ:  Защита от наложения мультитранзакций сейчас включена
2017-09-04 19:22:40 MSK СООБЩЕНИЕ:  система БД готова принимать подключения
2017-09-04 19:22:40 MSK СООБЩЕНИЕ:  процесс запуска автоочистки создан
2017-09-04 21:48:56 MSK СООБЩЕНИЕ:  получен запрос на быстрое выключение
2017-09-04 21:48:56 MSK СООБЩЕНИЕ:  прерывание всех активных транзакций
2017-09-04 21:48:57 MSK СООБЩЕНИЕ:  процесс запуска автоочистки завершается
2017-09-04 21:48:59 MSK СООБЩЕНИЕ:  выключение
2017-09-04 21:49:00 MSK СООБЩЕНИЕ:  система БД выключена
