2017-09-02 08:12:48 MSK ВАЖНО:  система баз данных запускается
2017-09-02 08:12:48 MSK СООБЩЕНИЕ:  работа системы БД была прервана; последний момент работы: 2017-09-01 07:50:25 MSK
2017-09-02 08:12:49 MSK СООБЩЕНИЕ:  не удалось получить данные от клиента: An established connection was aborted by the software in your host machine.
	
2017-09-02 08:12:49 MSK ВАЖНО:  система баз данных запускается
2017-09-02 08:12:50 MSK ВАЖНО:  система баз данных запускается
2017-09-02 08:12:51 MSK ВАЖНО:  система баз данных запускается
2017-09-02 08:12:52 MSK ВАЖНО:  система баз данных запускается
2017-09-02 08:12:53 MSK ВАЖНО:  система баз данных запускается
2017-09-02 08:12:54 MSK ВАЖНО:  система баз данных запускается
2017-09-02 08:12:55 MSK ВАЖНО:  система баз данных запускается
2017-09-02 08:12:56 MSK ВАЖНО:  система баз данных запускается
2017-09-02 08:12:57 MSK ВАЖНО:  система баз данных запускается
2017-09-02 08:12:58 MSK ВАЖНО:  система баз данных запускается
2017-09-02 08:12:59 MSK ВАЖНО:  система баз данных запускается
2017-09-02 08:13:00 MSK ВАЖНО:  система баз данных запускается
2017-09-02 08:13:01 MSK ВАЖНО:  система баз данных запускается
2017-09-02 08:13:19 MSK СООБЩЕНИЕ:  не удалось получить данные от клиента: An established connection was aborted by the software in your host machine.
	
2017-09-02 08:13:32 MSK ВАЖНО:  система баз данных запускается
2017-09-02 08:13:38 MSK ВАЖНО:  система баз данных запускается
2017-09-02 08:13:39 MSK ВАЖНО:  система баз данных запускается
2017-09-02 08:13:40 MSK ВАЖНО:  система баз данных запускается
2017-09-02 08:13:41 MSK ВАЖНО:  система баз данных запускается
2017-09-02 08:13:42 MSK ВАЖНО:  система баз данных запускается
2017-09-02 08:13:43 MSK ВАЖНО:  система баз данных запускается
2017-09-02 08:13:44 MSK ВАЖНО:  система баз данных запускается
2017-09-02 08:13:45 MSK ВАЖНО:  система баз данных запускается
2017-09-02 08:13:46 MSK ВАЖНО:  система баз данных запускается
2017-09-02 08:13:47 MSK ВАЖНО:  система баз данных запускается
2017-09-02 08:13:48 MSK ВАЖНО:  система баз данных запускается
2017-09-02 08:13:49 MSK ВАЖНО:  система баз данных запускается
2017-09-02 08:13:50 MSK ВАЖНО:  система баз данных запускается
2017-09-02 08:13:51 MSK ВАЖНО:  система баз данных запускается
2017-09-02 08:13:52 MSK ВАЖНО:  система баз данных запускается
2017-09-02 08:13:53 MSK ВАЖНО:  система баз данных запускается
2017-09-02 08:13:54 MSK ВАЖНО:  система баз данных запускается
2017-09-02 08:13:55 MSK ВАЖНО:  система баз данных запускается
2017-09-02 08:13:56 MSK ВАЖНО:  система баз данных запускается
2017-09-02 08:13:57 MSK ВАЖНО:  система баз данных запускается
2017-09-02 08:13:58 MSK ВАЖНО:  система баз данных запускается
2017-09-02 08:13:59 MSK ВАЖНО:  система баз данных запускается
2017-09-02 08:14:00 MSK ВАЖНО:  система баз данных запускается
2017-09-02 08:14:01 MSK ВАЖНО:  система баз данных запускается
2017-09-02 08:14:02 MSK ВАЖНО:  система баз данных запускается
2017-09-02 08:14:04 MSK ВАЖНО:  система баз данных запускается
2017-09-02 08:14:05 MSK ВАЖНО:  система баз данных запускается
2017-09-02 08:14:06 MSK ВАЖНО:  система баз данных запускается
2017-09-02 08:14:07 MSK ВАЖНО:  система баз данных запускается
2017-09-02 08:14:08 MSK ВАЖНО:  система баз данных запускается
2017-09-02 08:14:09 MSK ВАЖНО:  система баз данных запускается
2017-09-02 08:14:10 MSK ВАЖНО:  система баз данных запускается
2017-09-02 08:14:11 MSK ВАЖНО:  система баз данных запускается
2017-09-02 08:14:12 MSK ВАЖНО:  система баз данных запускается
2017-09-02 08:14:13 MSK ВАЖНО:  система баз данных запускается
2017-09-02 08:14:14 MSK ВАЖНО:  система баз данных запускается
2017-09-02 08:16:33 MSK СООБЩЕНИЕ:  система БД была остановлена нештатно; производится автоматическое восстановление
2017-09-02 08:16:33 MSK СООБЩЕНИЕ:  неверная длина записи по смещению 0/17B6730
2017-09-02 08:16:33 MSK СООБЩЕНИЕ:  данные REDO не требуются
2017-09-02 08:16:34 MSK СООБЩЕНИЕ:  Защита от наложения мультитранзакций сейчас включена
2017-09-02 08:16:34 MSK СООБЩЕНИЕ:  система БД готова принимать подключения
2017-09-02 08:16:34 MSK СООБЩЕНИЕ:  процесс запуска автоочистки создан
2017-09-02 17:49:48 MSK СООБЩЕНИЕ:  процесс запуска автоочистки (PID 3560) завершился с кодом выхода 1
2017-09-02 17:49:48 MSK СООБЩЕНИЕ:  завершение всех остальных активных серверных процессов
2017-09-02 17:49:50 MSK СООБЩЕНИЕ:  все серверные процессы завершены... переинициализация
2017-09-02 17:49:52 MSK СООБЩЕНИЕ:  работа системы БД была прервана; последний момент работы: 2017-09-02 08:16:34 MSK
2017-09-02 17:50:29 MSK СООБЩЕНИЕ:  система БД была остановлена нештатно; производится автоматическое восстановление
2017-09-02 17:50:29 MSK СООБЩЕНИЕ:  неверная длина записи по смещению 0/17B67A0
2017-09-02 17:50:29 MSK СООБЩЕНИЕ:  данные REDO не требуются
2017-09-02 17:50:30 MSK СООБЩЕНИЕ:  Защита от наложения мультитранзакций сейчас включена
2017-09-02 17:50:30 MSK СООБЩЕНИЕ:  система БД готова принимать подключения
2017-09-02 17:50:30 MSK СООБЩЕНИЕ:  процесс запуска автоочистки создан
2017-09-02 21:22:19 MSK СООБЩЕНИЕ:  процесс записи WAL (PID 960) завершился с кодом выхода 1
2017-09-02 21:22:19 MSK СООБЩЕНИЕ:  завершение всех остальных активных серверных процессов
