2017-08-27 08:50:02 MSK ВАЖНО:  система баз данных запускается
2017-08-27 08:50:02 MSK СООБЩЕНИЕ:  работа системы БД была прервана; последний момент работы: 2017-08-24 09:51:06 MSK
2017-08-27 08:50:03 MSK СООБЩЕНИЕ:  не удалось получить данные от клиента: An established connection was aborted by the software in your host machine.
	
2017-08-27 08:50:03 MSK ВАЖНО:  система баз данных запускается
2017-08-27 08:50:04 MSK ВАЖНО:  система баз данных запускается
2017-08-27 08:50:05 MSK ВАЖНО:  система баз данных запускается
2017-08-27 08:50:06 MSK ВАЖНО:  система баз данных запускается
2017-08-27 08:50:07 MSK ВАЖНО:  система баз данных запускается
2017-08-27 08:50:08 MSK ВАЖНО:  система баз данных запускается
2017-08-27 08:50:09 MSK ВАЖНО:  система баз данных запускается
2017-08-27 08:50:10 MSK ВАЖНО:  система баз данных запускается
2017-08-27 08:50:11 MSK ВАЖНО:  система баз данных запускается
2017-08-27 08:50:27 MSK СООБЩЕНИЕ:  не удалось получить данные от клиента: An established connection was aborted by the software in your host machine.
	
2017-08-27 08:50:30 MSK СООБЩЕНИЕ:  не удалось получить данные от клиента: An established connection was aborted by the software in your host machine.
	
2017-08-27 08:50:30 MSK ВАЖНО:  система баз данных запускается
2017-08-27 08:50:31 MSK ВАЖНО:  система баз данных запускается
2017-08-27 08:50:32 MSK ВАЖНО:  система баз данных запускается
2017-08-27 08:50:33 MSK ВАЖНО:  система баз данных запускается
2017-08-27 08:50:34 MSK ВАЖНО:  система баз данных запускается
2017-08-27 08:50:35 MSK ВАЖНО:  система баз данных запускается
2017-08-27 08:50:36 MSK ВАЖНО:  система баз данных запускается
2017-08-27 08:50:37 MSK ВАЖНО:  система баз данных запускается
2017-08-27 08:50:38 MSK ВАЖНО:  система баз данных запускается
2017-08-27 08:50:39 MSK ВАЖНО:  система баз данных запускается
2017-08-27 08:50:40 MSK ВАЖНО:  система баз данных запускается
2017-08-27 08:50:41 MSK ВАЖНО:  система баз данных запускается
2017-08-27 08:50:42 MSK ВАЖНО:  система баз данных запускается
2017-08-27 08:50:43 MSK ВАЖНО:  система баз данных запускается
2017-08-27 08:50:44 MSK ВАЖНО:  система баз данных запускается
2017-08-27 08:50:45 MSK ВАЖНО:  система баз данных запускается
2017-08-27 08:50:46 MSK ВАЖНО:  система баз данных запускается
2017-08-27 08:50:47 MSK ВАЖНО:  система баз данных запускается
2017-08-27 08:50:48 MSK ВАЖНО:  система баз данных запускается
2017-08-27 08:50:49 MSK ВАЖНО:  система баз данных запускается
2017-08-27 08:50:50 MSK ВАЖНО:  система баз данных запускается
2017-08-27 08:50:51 MSK ВАЖНО:  система баз данных запускается
2017-08-27 08:50:52 MSK ВАЖНО:  система баз данных запускается
2017-08-27 08:50:53 MSK ВАЖНО:  система баз данных запускается
2017-08-27 08:50:54 MSK ВАЖНО:  система баз данных запускается
2017-08-27 08:50:55 MSK ВАЖНО:  система баз данных запускается
2017-08-27 08:50:56 MSK ВАЖНО:  система баз данных запускается
2017-08-27 08:50:57 MSK ВАЖНО:  система баз данных запускается
2017-08-27 08:50:59 MSK ВАЖНО:  система баз данных запускается
2017-08-27 08:51:00 MSK ВАЖНО:  система баз данных запускается
2017-08-27 08:51:01 MSK ВАЖНО:  система баз данных запускается
2017-08-27 08:51:02 MSK ВАЖНО:  система баз данных запускается
2017-08-27 08:51:03 MSK ВАЖНО:  система баз данных запускается
2017-08-27 08:51:04 MSK ВАЖНО:  система баз данных запускается
2017-08-27 08:51:05 MSK ВАЖНО:  система баз данных запускается
2017-08-27 08:51:06 MSK ВАЖНО:  система баз данных запускается
2017-08-27 08:51:07 MSK ВАЖНО:  система баз данных запускается
2017-08-27 08:51:08 MSK ВАЖНО:  система баз данных запускается
2017-08-27 08:51:09 MSK ВАЖНО:  система баз данных запускается
2017-08-27 08:51:10 MSK ВАЖНО:  система баз данных запускается
2017-08-27 08:53:13 MSK СООБЩЕНИЕ:  система БД была остановлена нештатно; производится автоматическое восстановление
2017-08-27 08:53:13 MSK СООБЩЕНИЕ:  неверная длина записи по смещению 0/17B6490
2017-08-27 08:53:13 MSK СООБЩЕНИЕ:  данные REDO не требуются
2017-08-27 08:53:14 MSK СООБЩЕНИЕ:  Защита от наложения мультитранзакций сейчас включена
2017-08-27 08:53:14 MSK СООБЩЕНИЕ:  система БД готова принимать подключения
2017-08-27 08:53:14 MSK СООБЩЕНИЕ:  процесс запуска автоочистки создан
