2017-09-12 06:44:31 MSK СООБЩЕНИЕ:  работа системы БД была прервана; последний момент работы: 2017-09-11 14:15:29 MSK
2017-09-12 06:44:31 MSK ВАЖНО:  система баз данных запускается
2017-09-12 06:44:31 MSK СООБЩЕНИЕ:  не удалось получить данные от клиента: An established connection was aborted by the software in your host machine.
	
2017-09-12 06:44:32 MSK ВАЖНО:  система баз данных запускается
2017-09-12 06:44:34 MSK ВАЖНО:  система баз данных запускается
2017-09-12 06:44:35 MSK ВАЖНО:  система баз данных запускается
2017-09-12 06:44:36 MSK ВАЖНО:  система баз данных запускается
2017-09-12 06:44:37 MSK ВАЖНО:  система баз данных запускается
2017-09-12 06:44:38 MSK ВАЖНО:  система баз данных запускается
2017-09-12 06:44:39 MSK ВАЖНО:  система баз данных запускается
2017-09-12 06:44:40 MSK ВАЖНО:  система баз данных запускается
2017-09-12 06:44:41 MSK ВАЖНО:  система баз данных запускается
2017-09-12 06:44:42 MSK ВАЖНО:  система баз данных запускается
2017-09-12 06:44:43 MSK ВАЖНО:  система баз данных запускается
2017-09-12 06:44:44 MSK ВАЖНО:  система баз данных запускается
2017-09-12 06:44:45 MSK ВАЖНО:  система баз данных запускается
2017-09-12 06:44:46 MSK ВАЖНО:  система баз данных запускается
2017-09-12 06:44:47 MSK ВАЖНО:  система баз данных запускается
2017-09-12 06:44:48 MSK ВАЖНО:  система баз данных запускается
2017-09-12 06:44:49 MSK ВАЖНО:  система баз данных запускается
2017-09-12 06:44:50 MSK ВАЖНО:  система баз данных запускается
2017-09-12 06:44:51 MSK ВАЖНО:  система баз данных запускается
2017-09-12 06:44:52 MSK ВАЖНО:  система баз данных запускается
2017-09-12 06:44:53 MSK ВАЖНО:  система баз данных запускается
2017-09-12 06:44:54 MSK ВАЖНО:  система баз данных запускается
2017-09-12 06:44:56 MSK ВАЖНО:  система баз данных запускается
2017-09-12 06:44:57 MSK ВАЖНО:  система баз данных запускается
2017-09-12 06:44:58 MSK ВАЖНО:  система баз данных запускается
2017-09-12 06:45:13 MSK СООБЩЕНИЕ:  не удалось получить данные от клиента: An established connection was aborted by the software in your host machine.
	
2017-09-12 06:45:17 MSK ВАЖНО:  система баз данных запускается
2017-09-12 06:45:18 MSK ВАЖНО:  система баз данных запускается
2017-09-12 06:45:19 MSK ВАЖНО:  система баз данных запускается
2017-09-12 06:45:20 MSK ВАЖНО:  система баз данных запускается
2017-09-12 06:45:21 MSK ВАЖНО:  система баз данных запускается
2017-09-12 06:45:22 MSK ВАЖНО:  система баз данных запускается
2017-09-12 06:45:23 MSK ВАЖНО:  система баз данных запускается
2017-09-12 06:45:24 MSK ВАЖНО:  система баз данных запускается
2017-09-12 06:45:25 MSK ВАЖНО:  система баз данных запускается
2017-09-12 06:45:26 MSK ВАЖНО:  система баз данных запускается
2017-09-12 06:45:27 MSK ВАЖНО:  система баз данных запускается
2017-09-12 06:45:28 MSK ВАЖНО:  система баз данных запускается
2017-09-12 06:45:29 MSK ВАЖНО:  система баз данных запускается
2017-09-12 06:45:30 MSK ВАЖНО:  система баз данных запускается
2017-09-12 06:45:31 MSK ВАЖНО:  система баз данных запускается
2017-09-12 06:45:32 MSK ВАЖНО:  система баз данных запускается
2017-09-12 06:45:33 MSK ВАЖНО:  система баз данных запускается
2017-09-12 06:45:34 MSK ВАЖНО:  система баз данных запускается
2017-09-12 06:45:35 MSK ВАЖНО:  система баз данных запускается
2017-09-12 06:45:36 MSK ВАЖНО:  система баз данных запускается
2017-09-12 06:45:37 MSK ВАЖНО:  система баз данных запускается
2017-09-12 06:45:38 MSK ВАЖНО:  система баз данных запускается
2017-09-12 06:45:39 MSK ВАЖНО:  система баз данных запускается
2017-09-12 06:45:40 MSK ВАЖНО:  система баз данных запускается
2017-09-12 06:45:41 MSK ВАЖНО:  система баз данных запускается
2017-09-12 06:45:42 MSK ВАЖНО:  система баз данных запускается
2017-09-12 06:45:43 MSK ВАЖНО:  система баз данных запускается
2017-09-12 06:45:44 MSK ВАЖНО:  система баз данных запускается
2017-09-12 06:47:29 MSK СООБЩЕНИЕ:  система БД была остановлена нештатно; производится автоматическое восстановление
2017-09-12 06:47:29 MSK СООБЩЕНИЕ:  неверная длина записи по смещению 0/17B6FF0
2017-09-12 06:47:29 MSK СООБЩЕНИЕ:  данные REDO не требуются
2017-09-12 06:47:29 MSK СООБЩЕНИЕ:  Защита от наложения мультитранзакций сейчас включена
2017-09-12 06:47:29 MSK СООБЩЕНИЕ:  система БД готова принимать подключения
2017-09-12 06:47:29 MSK СООБЩЕНИЕ:  процесс запуска автоочистки создан
2017-09-12 21:19:36 MSK СООБЩЕНИЕ:  получен запрос на быстрое выключение
2017-09-12 21:19:36 MSK СООБЩЕНИЕ:  прерывание всех активных транзакций
2017-09-12 21:19:38 MSK СООБЩЕНИЕ:  процесс запуска автоочистки завершается
2017-09-12 21:19:40 MSK СООБЩЕНИЕ:  выключение
2017-09-12 21:19:42 MSK СООБЩЕНИЕ:  система БД выключена
