2017-09-04 07:12:23 MSK СООБЩЕНИЕ:  не удалось получить данные от клиента: An established connection was aborted by the software in your host machine.
	
2017-09-04 07:12:23 MSK ВАЖНО:  система баз данных запускается
2017-09-04 07:12:23 MSK СООБЩЕНИЕ:  работа системы БД была прервана; последний момент работы: 2017-09-03 07:46:10 MSK
2017-09-04 07:12:25 MSK ВАЖНО:  система баз данных запускается
2017-09-04 07:12:26 MSK ВАЖНО:  система баз данных запускается
2017-09-04 07:12:27 MSK ВАЖНО:  система баз данных запускается
2017-09-04 07:12:28 MSK ВАЖНО:  система баз данных запускается
2017-09-04 07:12:29 MSK ВАЖНО:  система баз данных запускается
2017-09-04 07:12:30 MSK ВАЖНО:  система баз данных запускается
2017-09-04 07:12:31 MSK ВАЖНО:  система баз данных запускается
2017-09-04 07:12:32 MSK ВАЖНО:  система баз данных запускается
2017-09-04 07:12:33 MSK ВАЖНО:  система баз данных запускается
2017-09-04 07:12:34 MSK ВАЖНО:  система баз данных запускается
2017-09-04 07:12:35 MSK ВАЖНО:  система баз данных запускается
2017-09-04 07:12:36 MSK ВАЖНО:  система баз данных запускается
2017-09-04 07:12:37 MSK ВАЖНО:  система баз данных запускается
2017-09-04 07:12:38 MSK ВАЖНО:  система баз данных запускается
2017-09-04 07:12:39 MSK ВАЖНО:  система баз данных запускается
2017-09-04 07:12:40 MSK ВАЖНО:  система баз данных запускается
2017-09-04 07:12:41 MSK ВАЖНО:  система баз данных запускается
2017-09-04 07:12:42 MSK ВАЖНО:  система баз данных запускается
2017-09-04 07:12:43 MSK ВАЖНО:  система баз данных запускается
2017-09-04 07:12:44 MSK ВАЖНО:  система баз данных запускается
2017-09-04 07:12:46 MSK ВАЖНО:  система баз данных запускается
2017-09-04 07:12:47 MSK ВАЖНО:  система баз данных запускается
2017-09-04 07:13:02 MSK СООБЩЕНИЕ:  не удалось получить данные от клиента: An established connection was aborted by the software in your host machine.
	
2017-09-04 07:13:03 MSK ВАЖНО:  система баз данных запускается
2017-09-04 07:13:04 MSK ВАЖНО:  система баз данных запускается
2017-09-04 07:13:05 MSK ВАЖНО:  система баз данных запускается
2017-09-04 07:13:06 MSK ВАЖНО:  система баз данных запускается
2017-09-04 07:13:07 MSK ВАЖНО:  система баз данных запускается
2017-09-04 07:13:08 MSK ВАЖНО:  система баз данных запускается
2017-09-04 07:13:09 MSK ВАЖНО:  система баз данных запускается
2017-09-04 07:13:10 MSK ВАЖНО:  система баз данных запускается
2017-09-04 07:13:11 MSK ВАЖНО:  система баз данных запускается
2017-09-04 07:13:12 MSK ВАЖНО:  система баз данных запускается
2017-09-04 07:13:13 MSK ВАЖНО:  система баз данных запускается
2017-09-04 07:13:14 MSK ВАЖНО:  система баз данных запускается
2017-09-04 07:13:15 MSK ВАЖНО:  система баз данных запускается
2017-09-04 07:13:16 MSK ВАЖНО:  система баз данных запускается
2017-09-04 07:13:17 MSK ВАЖНО:  система баз данных запускается
2017-09-04 07:13:18 MSK ВАЖНО:  система баз данных запускается
2017-09-04 07:13:19 MSK ВАЖНО:  система баз данных запускается
2017-09-04 07:13:20 MSK ВАЖНО:  система баз данных запускается
2017-09-04 07:13:21 MSK ВАЖНО:  система баз данных запускается
2017-09-04 07:13:22 MSK ВАЖНО:  система баз данных запускается
2017-09-04 07:13:23 MSK ВАЖНО:  система баз данных запускается
2017-09-04 07:13:24 MSK ВАЖНО:  система баз данных запускается
2017-09-04 07:13:25 MSK ВАЖНО:  система баз данных запускается
2017-09-04 07:13:26 MSK ВАЖНО:  система баз данных запускается
2017-09-04 07:13:27 MSK ВАЖНО:  система баз данных запускается
2017-09-04 07:13:28 MSK ВАЖНО:  система баз данных запускается
2017-09-04 07:13:29 MSK ВАЖНО:  система баз данных запускается
2017-09-04 07:13:30 MSK ВАЖНО:  система баз данных запускается
2017-09-04 07:13:31 MSK ВАЖНО:  система баз данных запускается
2017-09-04 07:13:33 MSK ВАЖНО:  система баз данных запускается
2017-09-04 07:13:34 MSK ВАЖНО:  система баз данных запускается
2017-09-04 07:14:12 MSK СООБЩЕНИЕ:  система БД была остановлена нештатно; производится автоматическое восстановление
2017-09-04 07:14:12 MSK СООБЩЕНИЕ:  неверная длина записи по смещению 0/17B6880
2017-09-04 07:14:12 MSK СООБЩЕНИЕ:  данные REDO не требуются
2017-09-04 07:14:13 MSK СООБЩЕНИЕ:  Защита от наложения мультитранзакций сейчас включена
2017-09-04 07:14:13 MSK СООБЩЕНИЕ:  система БД готова принимать подключения
2017-09-04 07:14:13 MSK СООБЩЕНИЕ:  процесс запуска автоочистки создан
