2017-08-21 11:19:20 MSK ВАЖНО:  система баз данных запускается
2017-08-21 11:19:20 MSK СООБЩЕНИЕ:  работа системы БД была прервана; последний момент работы: 2017-08-20 08:22:32 MSK
2017-08-21 11:19:21 MSK СООБЩЕНИЕ:  не удалось получить данные от клиента: An established connection was aborted by the software in your host machine.
	
2017-08-21 11:19:21 MSK ВАЖНО:  система баз данных запускается
2017-08-21 11:19:22 MSK ВАЖНО:  система баз данных запускается
2017-08-21 11:19:23 MSK ВАЖНО:  система баз данных запускается
2017-08-21 11:19:24 MSK ВАЖНО:  система баз данных запускается
2017-08-21 11:19:25 MSK ВАЖНО:  система баз данных запускается
2017-08-21 11:19:26 MSK ВАЖНО:  система баз данных запускается
2017-08-21 11:19:27 MSK ВАЖНО:  система баз данных запускается
2017-08-21 11:19:29 MSK ВАЖНО:  система баз данных запускается
2017-08-21 11:19:30 MSK ВАЖНО:  система баз данных запускается
2017-08-21 11:19:31 MSK ВАЖНО:  система баз данных запускается
2017-08-21 11:19:32 MSK ВАЖНО:  система баз данных запускается
2017-08-21 11:19:33 MSK ВАЖНО:  система баз данных запускается
2017-08-21 11:19:34 MSK ВАЖНО:  система баз данных запускается
2017-08-21 11:19:35 MSK ВАЖНО:  система баз данных запускается
2017-08-21 11:19:36 MSK ВАЖНО:  система баз данных запускается
2017-08-21 11:19:37 MSK ВАЖНО:  система баз данных запускается
2017-08-21 11:19:38 MSK ВАЖНО:  система баз данных запускается
2017-08-21 11:19:39 MSK ВАЖНО:  система баз данных запускается
2017-08-21 11:19:40 MSK ВАЖНО:  система баз данных запускается
2017-08-21 11:19:41 MSK ВАЖНО:  система баз данных запускается
2017-08-21 11:19:42 MSK ВАЖНО:  система баз данных запускается
2017-08-21 11:19:43 MSK ВАЖНО:  система баз данных запускается
2017-08-21 11:19:44 MSK ВАЖНО:  система баз данных запускается
2017-08-21 11:19:45 MSK ВАЖНО:  система баз данных запускается
2017-08-21 11:19:46 MSK ВАЖНО:  система баз данных запускается
2017-08-21 11:19:47 MSK ВАЖНО:  система баз данных запускается
2017-08-21 11:19:48 MSK ВАЖНО:  система баз данных запускается
2017-08-21 11:19:49 MSK ВАЖНО:  система баз данных запускается
2017-08-21 11:19:50 MSK ВАЖНО:  система баз данных запускается
2017-08-21 11:19:51 MSK ВАЖНО:  система баз данных запускается
2017-08-21 11:19:52 MSK ВАЖНО:  система баз данных запускается
2017-08-21 11:19:53 MSK ВАЖНО:  система баз данных запускается
2017-08-21 11:19:54 MSK ВАЖНО:  система баз данных запускается
2017-08-21 11:19:55 MSK ВАЖНО:  система баз данных запускается
2017-08-21 11:19:56 MSK ВАЖНО:  система баз данных запускается
2017-08-21 11:19:57 MSK ВАЖНО:  система баз данных запускается
2017-08-21 11:19:58 MSK ВАЖНО:  система баз данных запускается
2017-08-21 11:19:59 MSK ВАЖНО:  система баз данных запускается
2017-08-21 11:20:00 MSK ВАЖНО:  система баз данных запускается
2017-08-21 11:20:01 MSK ВАЖНО:  система баз данных запускается
2017-08-21 11:20:03 MSK ВАЖНО:  система баз данных запускается
2017-08-21 11:20:04 MSK ВАЖНО:  система баз данных запускается
2017-08-21 11:20:05 MSK ВАЖНО:  система баз данных запускается
2017-08-21 11:20:06 MSK ВАЖНО:  система баз данных запускается
2017-08-21 11:20:07 MSK ВАЖНО:  система баз данных запускается
2017-08-21 11:20:08 MSK ВАЖНО:  система баз данных запускается
2017-08-21 11:20:19 MSK ВАЖНО:  система баз данных запускается
2017-08-21 11:20:19 MSK СООБЩЕНИЕ:  не удалось получить данные от клиента: An established connection was aborted by the software in your host machine.
	
2017-08-21 11:20:20 MSK ВАЖНО:  система баз данных запускается
2017-08-21 11:20:21 MSK ВАЖНО:  система баз данных запускается
2017-08-21 11:20:53 MSK СООБЩЕНИЕ:  система БД была остановлена нештатно; производится автоматическое восстановление
2017-08-21 11:20:54 MSK СООБЩЕНИЕ:  неверная длина записи по смещению 0/17B62D0
2017-08-21 11:20:54 MSK СООБЩЕНИЕ:  данные REDO не требуются
2017-08-21 11:20:54 MSK СООБЩЕНИЕ:  Защита от наложения мультитранзакций сейчас включена
2017-08-21 11:20:54 MSK СООБЩЕНИЕ:  система БД готова принимать подключения
2017-08-21 11:20:54 MSK СООБЩЕНИЕ:  процесс запуска автоочистки создан
