2017-08-16 07:53:11 MSK СООБЩЕНИЕ:  работа системы БД была прервана; последний момент работы: 2017-08-15 08:59:00 MSK
2017-08-16 07:53:11 MSK ВАЖНО:  система баз данных запускается
2017-08-16 07:53:11 MSK СООБЩЕНИЕ:  не удалось получить данные от клиента: An established connection was aborted by the software in your host machine.
	
2017-08-16 07:53:11 MSK СООБЩЕНИЕ:  не удалось получить данные от клиента: An established connection was aborted by the software in your host machine.
	
2017-08-16 07:53:12 MSK ВАЖНО:  система баз данных запускается
2017-08-16 07:53:13 MSK ВАЖНО:  система баз данных запускается
2017-08-16 07:53:14 MSK ВАЖНО:  система баз данных запускается
2017-08-16 07:53:15 MSK ВАЖНО:  система баз данных запускается
2017-08-16 07:53:16 MSK ВАЖНО:  система баз данных запускается
2017-08-16 07:53:17 MSK ВАЖНО:  система баз данных запускается
2017-08-16 07:53:27 MSK ВАЖНО:  система баз данных запускается
2017-08-16 07:53:28 MSK СООБЩЕНИЕ:  не удалось получить данные от клиента: An established connection was aborted by the software in your host machine.
	
2017-08-16 07:53:48 MSK ВАЖНО:  система баз данных запускается
2017-08-16 07:53:49 MSK ВАЖНО:  система баз данных запускается
2017-08-16 07:53:50 MSK ВАЖНО:  система баз данных запускается
2017-08-16 07:53:51 MSK ВАЖНО:  система баз данных запускается
2017-08-16 07:53:52 MSK ВАЖНО:  система баз данных запускается
2017-08-16 07:53:53 MSK ВАЖНО:  система баз данных запускается
2017-08-16 07:53:54 MSK ВАЖНО:  система баз данных запускается
2017-08-16 07:53:55 MSK ВАЖНО:  система баз данных запускается
2017-08-16 07:53:56 MSK ВАЖНО:  система баз данных запускается
2017-08-16 07:53:57 MSK ВАЖНО:  система баз данных запускается
2017-08-16 07:53:58 MSK ВАЖНО:  система баз данных запускается
2017-08-16 07:53:59 MSK ВАЖНО:  система баз данных запускается
2017-08-16 07:54:00 MSK ВАЖНО:  система баз данных запускается
2017-08-16 07:54:01 MSK ВАЖНО:  система баз данных запускается
2017-08-16 07:54:02 MSK ВАЖНО:  система баз данных запускается
2017-08-16 07:54:03 MSK ВАЖНО:  система баз данных запускается
2017-08-16 07:54:05 MSK ВАЖНО:  система баз данных запускается
2017-08-16 07:54:06 MSK ВАЖНО:  система баз данных запускается
2017-08-16 07:54:07 MSK ВАЖНО:  система баз данных запускается
2017-08-16 07:54:08 MSK ВАЖНО:  система баз данных запускается
2017-08-16 07:54:09 MSK ВАЖНО:  система баз данных запускается
2017-08-16 07:54:10 MSK ВАЖНО:  система баз данных запускается
2017-08-16 07:54:11 MSK ВАЖНО:  система баз данных запускается
2017-08-16 07:54:12 MSK ВАЖНО:  система баз данных запускается
2017-08-16 07:54:13 MSK ВАЖНО:  система баз данных запускается
2017-08-16 07:54:14 MSK ВАЖНО:  система баз данных запускается
2017-08-16 07:54:15 MSK ВАЖНО:  система баз данных запускается
2017-08-16 07:54:16 MSK ВАЖНО:  система баз данных запускается
2017-08-16 07:54:17 MSK ВАЖНО:  система баз данных запускается
2017-08-16 07:54:18 MSK ВАЖНО:  система баз данных запускается
2017-08-16 07:54:19 MSK ВАЖНО:  система баз данных запускается
2017-08-16 07:54:20 MSK ВАЖНО:  система баз данных запускается
2017-08-16 07:54:21 MSK ВАЖНО:  система баз данных запускается
2017-08-16 07:54:22 MSK ВАЖНО:  система баз данных запускается
2017-08-16 07:54:23 MSK ВАЖНО:  система баз данных запускается
2017-08-16 07:54:24 MSK ВАЖНО:  система баз данных запускается
2017-08-16 07:54:25 MSK ВАЖНО:  система баз данных запускается
2017-08-16 07:57:44 MSK СООБЩЕНИЕ:  система БД была остановлена нештатно; производится автоматическое восстановление
2017-08-16 07:57:44 MSK СООБЩЕНИЕ:  неверная длина записи по смещению 0/17B6110
2017-08-16 07:57:44 MSK СООБЩЕНИЕ:  данные REDO не требуются
2017-08-16 07:57:45 MSK СООБЩЕНИЕ:  Защита от наложения мультитранзакций сейчас включена
2017-08-16 07:57:45 MSK СООБЩЕНИЕ:  система БД готова принимать подключения
2017-08-16 07:57:45 MSK СООБЩЕНИЕ:  процесс запуска автоочистки создан
2017-08-16 21:24:36 MSK СООБЩЕНИЕ:  получен запрос на быстрое выключение
2017-08-16 21:24:37 MSK СООБЩЕНИЕ:  прерывание всех активных транзакций
2017-08-16 21:24:39 MSK СООБЩЕНИЕ:  процесс запуска автоочистки завершается
2017-08-16 21:24:43 MSK СООБЩЕНИЕ:  выключение
2017-08-16 21:24:49 MSK СООБЩЕНИЕ:  система БД выключена
