2017-09-08 15:14:50 MSK ВАЖНО:  система баз данных запускается
2017-09-08 15:14:50 MSK СООБЩЕНИЕ:  система БД была выключена: 2017-09-08 13:07:14 MSK
2017-09-08 15:14:50 MSK СООБЩЕНИЕ:  не удалось получить данные от клиента: An established connection was aborted by the software in your host machine.
	
2017-09-08 15:14:51 MSK ВАЖНО:  система баз данных запускается
2017-09-08 15:14:51 MSK СООБЩЕНИЕ:  Защита от наложения мультитранзакций сейчас включена
2017-09-08 15:14:51 MSK СООБЩЕНИЕ:  система БД готова принимать подключения
2017-09-08 15:14:51 MSK СООБЩЕНИЕ:  процесс запуска автоочистки создан
2017-09-08 20:49:37 MSK СООБЩЕНИЕ:  процесс контрольных точек (PID 1192) завершился с кодом выхода 1
2017-09-08 20:49:37 MSK СООБЩЕНИЕ:  завершение всех остальных активных серверных процессов
2017-09-08 20:49:49 MSK ПРЕДУПРЕЖДЕНИЕ:  закрытие подключения из-за краха другого серверного процесса
2017-09-08 20:49:50 MSK ПОДРОБНОСТИ:  Управляющий процесс отдал команду этому серверному процессу откатить текущую транзакцию и завершиться, так как другой серверный процесс завершился аварийно и возможно разрушил разделяемую память.
2017-09-08 20:49:50 MSK ПОДСКАЗКА:  Вы сможете переподключиться к базе данных и повторить вашу команду сию минуту.
2017-09-08 20:49:56 MSK СООБЩЕНИЕ:  все серверные процессы завершены... переинициализация
2017-09-08 20:50:08 MSK СООБЩЕНИЕ:  работа системы БД была прервана; последний момент работы: 2017-09-08 15:14:51 MSK
2017-09-08 20:51:39 MSK СООБЩЕНИЕ:  система БД была остановлена нештатно; производится автоматическое восстановление
2017-09-08 20:51:39 MSK СООБЩЕНИЕ:  неверная длина записи по смещению 0/17B6CE0
2017-09-08 20:51:39 MSK СООБЩЕНИЕ:  данные REDO не требуются
2017-09-08 20:51:39 MSK СООБЩЕНИЕ:  Защита от наложения мультитранзакций сейчас включена
2017-09-08 20:51:39 MSK СООБЩЕНИЕ:  система БД готова принимать подключения
2017-09-08 20:51:39 MSK СООБЩЕНИЕ:  процесс запуска автоочистки создан
