2017-09-07 06:55:43 MSK ВАЖНО:  система баз данных запускается
2017-09-07 06:55:43 MSK СООБЩЕНИЕ:  работа системы БД была прервана; последний момент работы: 2017-09-06 18:22:42 MSK
2017-09-07 06:55:44 MSK СООБЩЕНИЕ:  не удалось получить данные от клиента: An established connection was aborted by the software in your host machine.
	
2017-09-07 06:55:44 MSK СООБЩЕНИЕ:  не удалось получить данные от клиента: An established connection was aborted by the software in your host machine.
	
2017-09-07 06:55:44 MSK ВАЖНО:  система баз данных запускается
2017-09-07 06:55:46 MSK ВАЖНО:  система баз данных запускается
2017-09-07 06:55:47 MSK ВАЖНО:  система баз данных запускается
2017-09-07 06:55:48 MSK ВАЖНО:  система баз данных запускается
2017-09-07 06:55:49 MSK ВАЖНО:  система баз данных запускается
2017-09-07 06:56:10 MSK ВАЖНО:  система баз данных запускается
2017-09-07 06:56:10 MSK СООБЩЕНИЕ:  не удалось получить данные от клиента: An established connection was aborted by the software in your host machine.
	
2017-09-07 06:56:11 MSK ВАЖНО:  система баз данных запускается
2017-09-07 06:56:12 MSK ВАЖНО:  система баз данных запускается
2017-09-07 06:56:13 MSK ВАЖНО:  система баз данных запускается
2017-09-07 06:56:14 MSK ВАЖНО:  система баз данных запускается
2017-09-07 06:56:15 MSK ВАЖНО:  система баз данных запускается
2017-09-07 06:56:16 MSK ВАЖНО:  система баз данных запускается
2017-09-07 06:56:17 MSK ВАЖНО:  система баз данных запускается
2017-09-07 06:56:18 MSK ВАЖНО:  система баз данных запускается
2017-09-07 06:56:19 MSK ВАЖНО:  система баз данных запускается
2017-09-07 06:56:20 MSK ВАЖНО:  система баз данных запускается
2017-09-07 06:56:21 MSK ВАЖНО:  система баз данных запускается
2017-09-07 06:56:22 MSK ВАЖНО:  система баз данных запускается
2017-09-07 06:56:23 MSK ВАЖНО:  система баз данных запускается
2017-09-07 06:56:24 MSK ВАЖНО:  система баз данных запускается
2017-09-07 06:56:25 MSK ВАЖНО:  система баз данных запускается
2017-09-07 06:56:26 MSK ВАЖНО:  система баз данных запускается
2017-09-07 06:56:27 MSK ВАЖНО:  система баз данных запускается
2017-09-07 06:56:28 MSK ВАЖНО:  система баз данных запускается
2017-09-07 06:56:29 MSK ВАЖНО:  система баз данных запускается
2017-09-07 06:56:30 MSK ВАЖНО:  система баз данных запускается
2017-09-07 06:56:31 MSK ВАЖНО:  система баз данных запускается
2017-09-07 06:56:32 MSK ВАЖНО:  система баз данных запускается
2017-09-07 06:56:33 MSK ВАЖНО:  система баз данных запускается
2017-09-07 06:56:34 MSK ВАЖНО:  система баз данных запускается
2017-09-07 06:56:35 MSK ВАЖНО:  система баз данных запускается
2017-09-07 06:56:36 MSK ВАЖНО:  система баз данных запускается
2017-09-07 06:56:37 MSK ВАЖНО:  система баз данных запускается
2017-09-07 06:56:38 MSK ВАЖНО:  система баз данных запускается
2017-09-07 06:56:40 MSK ВАЖНО:  система баз данных запускается
2017-09-07 06:56:41 MSK ВАЖНО:  система баз данных запускается
2017-09-07 06:56:42 MSK ВАЖНО:  система баз данных запускается
2017-09-07 06:56:43 MSK ВАЖНО:  система баз данных запускается
2017-09-07 06:56:44 MSK ВАЖНО:  система баз данных запускается
2017-09-07 06:56:45 MSK ВАЖНО:  система баз данных запускается
2017-09-07 06:56:46 MSK ВАЖНО:  система баз данных запускается
2017-09-07 06:56:47 MSK ВАЖНО:  система баз данных запускается
2017-09-07 06:56:48 MSK ВАЖНО:  система баз данных запускается
2017-09-07 06:56:49 MSK ВАЖНО:  система баз данных запускается
2017-09-07 06:56:50 MSK ВАЖНО:  система баз данных запускается
2017-09-07 07:00:01 MSK СООБЩЕНИЕ:  система БД была остановлена нештатно; производится автоматическое восстановление
2017-09-07 07:00:02 MSK СООБЩЕНИЕ:  неверная длина записи по смещению 0/17B6B90
2017-09-07 07:00:02 MSK СООБЩЕНИЕ:  данные REDO не требуются
2017-09-07 07:00:02 MSK СООБЩЕНИЕ:  Защита от наложения мультитранзакций сейчас включена
2017-09-07 07:00:02 MSK СООБЩЕНИЕ:  система БД готова принимать подключения
2017-09-07 07:00:02 MSK СООБЩЕНИЕ:  процесс запуска автоочистки создан
2017-09-07 21:58:31 MSK СООБЩЕНИЕ:  получен запрос на быстрое выключение
2017-09-07 21:58:31 MSK СООБЩЕНИЕ:  прерывание всех активных транзакций
2017-09-07 21:58:33 MSK СООБЩЕНИЕ:  процесс запуска автоочистки завершается
2017-09-07 21:58:36 MSK СООБЩЕНИЕ:  выключение
2017-09-07 21:58:37 MSK СООБЩЕНИЕ:  система БД выключена
