2017-09-13 07:37:38 MSK СООБЩЕНИЕ:  система БД была выключена: 2017-09-12 21:19:42 MSK
2017-09-13 07:37:39 MSK ВАЖНО:  система баз данных запускается
2017-09-13 07:37:39 MSK СООБЩЕНИЕ:  не удалось получить данные от клиента: An established connection was aborted by the software in your host machine.
	
2017-09-13 07:37:40 MSK ВАЖНО:  система баз данных запускается
2017-09-13 07:37:40 MSK СООБЩЕНИЕ:  Защита от наложения мультитранзакций сейчас включена
2017-09-13 07:37:40 MSK СООБЩЕНИЕ:  система БД готова принимать подключения
2017-09-13 07:37:40 MSK СООБЩЕНИЕ:  процесс запуска автоочистки создан
2017-09-13 07:45:33 MSK СООБЩЕНИЕ:  процесс записи WAL (PID 3604) завершился с кодом выхода 1
2017-09-13 07:45:33 MSK СООБЩЕНИЕ:  завершение всех остальных активных серверных процессов
2017-09-13 07:45:33 MSK ПРЕДУПРЕЖДЕНИЕ:  закрытие подключения из-за краха другого серверного процесса
2017-09-13 07:45:33 MSK ПОДРОБНОСТИ:  Управляющий процесс отдал команду этому серверному процессу откатить текущую транзакцию и завершиться, так как другой серверный процесс завершился аварийно и возможно разрушил разделяемую память.
2017-09-13 07:45:33 MSK ПОДСКАЗКА:  Вы сможете переподключиться к базе данных и повторить вашу команду сию минуту.
2017-09-13 07:45:33 MSK СООБЩЕНИЕ:  все серверные процессы завершены... переинициализация
2017-09-13 07:45:35 MSK СООБЩЕНИЕ:  работа системы БД была прервана; последний момент работы: 2017-09-13 07:37:39 MSK
2017-09-13 07:46:59 MSK СООБЩЕНИЕ:  система БД была остановлена нештатно; производится автоматическое восстановление
2017-09-13 07:46:59 MSK СООБЩЕНИЕ:  неверная длина записи по смещению 0/17B70D0
2017-09-13 07:46:59 MSK СООБЩЕНИЕ:  данные REDO не требуются
2017-09-13 07:46:59 MSK СООБЩЕНИЕ:  Защита от наложения мультитранзакций сейчас включена
2017-09-13 07:46:59 MSK СООБЩЕНИЕ:  система БД готова принимать подключения
2017-09-13 07:46:59 MSK СООБЩЕНИЕ:  процесс запуска автоочистки создан
2017-09-13 22:11:28 MSK СООБЩЕНИЕ:  получен запрос на быстрое выключение
2017-09-13 22:11:29 MSK СООБЩЕНИЕ:  прерывание всех активных транзакций
2017-09-13 22:11:33 MSK СООБЩЕНИЕ:  процесс запуска автоочистки завершается
2017-09-13 22:11:44 MSK СООБЩЕНИЕ:  выключение
2017-09-13 22:11:47 MSK СООБЩЕНИЕ:  система БД выключена
