2017-08-29 07:50:34 MSK ВАЖНО:  система баз данных запускается
2017-08-29 07:50:34 MSK СООБЩЕНИЕ:  работа системы БД была прервана; последний момент работы: 2017-08-27 08:53:14 MSK
2017-08-29 07:50:35 MSK ВАЖНО:  система баз данных запускается
2017-08-29 07:50:36 MSK ВАЖНО:  система баз данных запускается
2017-08-29 07:50:37 MSK ВАЖНО:  система баз данных запускается
2017-08-29 07:50:39 MSK ВАЖНО:  система баз данных запускается
2017-08-29 07:50:40 MSK ВАЖНО:  система баз данных запускается
2017-08-29 07:50:41 MSK ВАЖНО:  система баз данных запускается
2017-08-29 07:50:42 MSK ВАЖНО:  система баз данных запускается
2017-08-29 07:50:43 MSK ВАЖНО:  система баз данных запускается
2017-08-29 07:50:44 MSK ВАЖНО:  система баз данных запускается
2017-08-29 07:50:45 MSK ВАЖНО:  система баз данных запускается
2017-08-29 07:50:46 MSK ВАЖНО:  система баз данных запускается
2017-08-29 07:50:55 MSK ВАЖНО:  система баз данных запускается
2017-08-29 07:50:56 MSK СООБЩЕНИЕ:  не удалось получить данные от клиента: An established connection was aborted by the software in your host machine.
	
2017-08-29 07:50:56 MSK ВАЖНО:  система баз данных запускается
2017-08-29 07:50:57 MSK ВАЖНО:  система баз данных запускается
2017-08-29 07:50:58 MSK ВАЖНО:  система баз данных запускается
2017-08-29 07:51:00 MSK ВАЖНО:  система баз данных запускается
2017-08-29 07:51:01 MSK ВАЖНО:  система баз данных запускается
2017-08-29 07:51:02 MSK ВАЖНО:  система баз данных запускается
2017-08-29 07:51:03 MSK ВАЖНО:  система баз данных запускается
2017-08-29 07:51:04 MSK ВАЖНО:  система баз данных запускается
2017-08-29 07:51:05 MSK ВАЖНО:  система баз данных запускается
2017-08-29 07:51:06 MSK ВАЖНО:  система баз данных запускается
2017-08-29 07:51:07 MSK ВАЖНО:  система баз данных запускается
2017-08-29 07:51:08 MSK ВАЖНО:  система баз данных запускается
2017-08-29 07:51:09 MSK ВАЖНО:  система баз данных запускается
2017-08-29 07:51:10 MSK ВАЖНО:  система баз данных запускается
2017-08-29 07:51:11 MSK ВАЖНО:  система баз данных запускается
2017-08-29 07:51:12 MSK ВАЖНО:  система баз данных запускается
2017-08-29 07:51:13 MSK ВАЖНО:  система баз данных запускается
2017-08-29 07:51:14 MSK ВАЖНО:  система баз данных запускается
2017-08-29 07:51:15 MSK ВАЖНО:  система баз данных запускается
2017-08-29 07:51:16 MSK ВАЖНО:  система баз данных запускается
2017-08-29 07:51:17 MSK ВАЖНО:  система баз данных запускается
2017-08-29 07:51:18 MSK ВАЖНО:  система баз данных запускается
2017-08-29 07:51:19 MSK ВАЖНО:  система баз данных запускается
2017-08-29 07:51:20 MSK ВАЖНО:  система баз данных запускается
2017-08-29 07:51:21 MSK ВАЖНО:  система баз данных запускается
2017-08-29 07:51:22 MSK ВАЖНО:  система баз данных запускается
2017-08-29 07:51:23 MSK ВАЖНО:  система баз данных запускается
2017-08-29 07:51:24 MSK ВАЖНО:  система баз данных запускается
2017-08-29 07:51:25 MSK ВАЖНО:  система баз данных запускается
2017-08-29 07:51:26 MSK ВАЖНО:  система баз данных запускается
2017-08-29 07:51:27 MSK ВАЖНО:  система баз данных запускается
2017-08-29 07:51:28 MSK ВАЖНО:  система баз данных запускается
2017-08-29 07:51:29 MSK ВАЖНО:  система баз данных запускается
2017-08-29 07:51:30 MSK ВАЖНО:  система баз данных запускается
2017-08-29 07:51:31 MSK ВАЖНО:  система баз данных запускается
2017-08-29 07:51:32 MSK ВАЖНО:  система баз данных запускается
2017-08-29 07:51:33 MSK ВАЖНО:  система баз данных запускается
2017-08-29 07:51:35 MSK ВАЖНО:  система баз данных запускается
2017-08-29 07:51:36 MSK ВАЖНО:  система баз данных запускается
2017-08-29 07:53:15 MSK СООБЩЕНИЕ:  система БД была остановлена нештатно; производится автоматическое восстановление
2017-08-29 07:53:16 MSK СООБЩЕНИЕ:  неверная длина записи по смещению 0/17B6500
2017-08-29 07:53:16 MSK СООБЩЕНИЕ:  данные REDO не требуются
2017-08-29 07:53:16 MSK СООБЩЕНИЕ:  Защита от наложения мультитранзакций сейчас включена
2017-08-29 07:53:16 MSK СООБЩЕНИЕ:  система БД готова принимать подключения
2017-08-29 07:53:17 MSK СООБЩЕНИЕ:  процесс запуска автоочистки создан
2017-08-29 20:59:50 MSK СООБЩЕНИЕ:  получен запрос на быстрое выключение
2017-08-29 20:59:51 MSK СООБЩЕНИЕ:  прерывание всех активных транзакций
2017-08-29 20:59:52 MSK СООБЩЕНИЕ:  процесс запуска автоочистки завершается
2017-08-29 20:59:56 MSK СООБЩЕНИЕ:  выключение
2017-08-29 20:59:58 MSK СООБЩЕНИЕ:  система БД выключена
