2017-08-09 17:01:18 MSK ВАЖНО:  система баз данных запускается
2017-08-09 17:01:18 MSK СООБЩЕНИЕ:  работа системы БД была прервана; последний момент работы: 2017-08-09 07:34:51 MSK
2017-08-09 17:01:19 MSK СООБЩЕНИЕ:  не удалось получить данные от клиента: An established connection was aborted by the software in your host machine.
	
2017-08-09 17:01:19 MSK ВАЖНО:  система баз данных запускается
2017-08-09 17:01:20 MSK ВАЖНО:  система баз данных запускается
2017-08-09 17:01:21 MSK ВАЖНО:  система баз данных запускается
2017-08-09 17:01:22 MSK ВАЖНО:  система баз данных запускается
2017-08-09 17:01:23 MSK ВАЖНО:  система баз данных запускается
2017-08-09 17:01:24 MSK ВАЖНО:  система баз данных запускается
2017-08-09 17:01:25 MSK ВАЖНО:  система баз данных запускается
2017-08-09 17:01:26 MSK ВАЖНО:  система баз данных запускается
2017-08-09 17:01:27 MSK ВАЖНО:  система баз данных запускается
2017-08-09 17:01:28 MSK ВАЖНО:  система баз данных запускается
2017-08-09 17:01:29 MSK ВАЖНО:  система баз данных запускается
2017-08-09 17:01:30 MSK ВАЖНО:  система баз данных запускается
2017-08-09 17:01:31 MSK ВАЖНО:  система баз данных запускается
2017-08-09 17:01:32 MSK ВАЖНО:  система баз данных запускается
2017-08-09 17:01:33 MSK ВАЖНО:  система баз данных запускается
2017-08-09 17:01:44 MSK ВАЖНО:  система баз данных запускается
2017-08-09 17:01:45 MSK СООБЩЕНИЕ:  не удалось получить данные от клиента: An established connection was aborted by the software in your host machine.
	
2017-08-09 17:01:45 MSK ВАЖНО:  система баз данных запускается
2017-08-09 17:01:47 MSK ВАЖНО:  система баз данных запускается
2017-08-09 17:01:48 MSK ВАЖНО:  система баз данных запускается
2017-08-09 17:01:49 MSK ВАЖНО:  система баз данных запускается
2017-08-09 17:01:50 MSK ВАЖНО:  система баз данных запускается
2017-08-09 17:01:51 MSK ВАЖНО:  система баз данных запускается
2017-08-09 17:01:52 MSK ВАЖНО:  система баз данных запускается
2017-08-09 17:01:53 MSK ВАЖНО:  система баз данных запускается
2017-08-09 17:01:54 MSK ВАЖНО:  система баз данных запускается
2017-08-09 17:01:55 MSK ВАЖНО:  система баз данных запускается
2017-08-09 17:01:56 MSK ВАЖНО:  система баз данных запускается
2017-08-09 17:01:57 MSK ВАЖНО:  система баз данных запускается
2017-08-09 17:01:58 MSK ВАЖНО:  система баз данных запускается
2017-08-09 17:01:59 MSK ВАЖНО:  система баз данных запускается
2017-08-09 17:02:00 MSK ВАЖНО:  система баз данных запускается
2017-08-09 17:02:01 MSK ВАЖНО:  система баз данных запускается
2017-08-09 17:02:02 MSK ВАЖНО:  система баз данных запускается
2017-08-09 17:02:03 MSK ВАЖНО:  система баз данных запускается
2017-08-09 17:02:04 MSK ВАЖНО:  система баз данных запускается
2017-08-09 17:02:05 MSK ВАЖНО:  система баз данных запускается
2017-08-09 17:02:06 MSK ВАЖНО:  система баз данных запускается
2017-08-09 17:02:07 MSK ВАЖНО:  система баз данных запускается
2017-08-09 17:02:08 MSK ВАЖНО:  система баз данных запускается
2017-08-09 17:02:09 MSK ВАЖНО:  система баз данных запускается
2017-08-09 17:02:10 MSK ВАЖНО:  система баз данных запускается
2017-08-09 17:02:11 MSK ВАЖНО:  система баз данных запускается
2017-08-09 17:02:12 MSK ВАЖНО:  система баз данных запускается
2017-08-09 17:02:13 MSK ВАЖНО:  система баз данных запускается
2017-08-09 17:02:14 MSK ВАЖНО:  система баз данных запускается
2017-08-09 17:02:15 MSK ВАЖНО:  система баз данных запускается
2017-08-09 17:02:16 MSK ВАЖНО:  система баз данных запускается
2017-08-09 17:02:17 MSK ВАЖНО:  система баз данных запускается
2017-08-09 17:02:18 MSK ВАЖНО:  система баз данных запускается
2017-08-09 17:03:10 MSK СООБЩЕНИЕ:  система БД была остановлена нештатно; производится автоматическое восстановление
2017-08-09 17:03:10 MSK СООБЩЕНИЕ:  неверная длина записи по смещению 0/1795FC0
2017-08-09 17:03:10 MSK СООБЩЕНИЕ:  данные REDO не требуются
2017-08-09 17:03:11 MSK СООБЩЕНИЕ:  Защита от наложения мультитранзакций сейчас включена
2017-08-09 17:03:11 MSK СООБЩЕНИЕ:  система БД готова принимать подключения
2017-08-09 17:03:11 MSK СООБЩЕНИЕ:  процесс запуска автоочистки создан
2017-08-09 22:34:59 MSK СООБЩЕНИЕ:  получен запрос на быстрое выключение
2017-08-09 22:35:00 MSK СООБЩЕНИЕ:  прерывание всех активных транзакций
2017-08-09 22:35:01 MSK СООБЩЕНИЕ:  процесс запуска автоочистки завершается
2017-08-09 22:35:05 MSK СООБЩЕНИЕ:  выключение
2017-08-09 22:35:07 MSK СООБЩЕНИЕ:  система БД выключена
