2017-08-20 08:18:11 MSK ВАЖНО:  система баз данных запускается
2017-08-20 08:18:11 MSK СООБЩЕНИЕ:  работа системы БД была прервана; последний момент работы: 2017-08-17 08:14:38 MSK
2017-08-20 08:18:12 MSK СООБЩЕНИЕ:  не удалось получить данные от клиента: An established connection was aborted by the software in your host machine.
	
2017-08-20 08:18:12 MSK ВАЖНО:  система баз данных запускается
2017-08-20 08:18:13 MSK ВАЖНО:  система баз данных запускается
2017-08-20 08:18:14 MSK ВАЖНО:  система баз данных запускается
2017-08-20 08:18:15 MSK ВАЖНО:  система баз данных запускается
2017-08-20 08:18:16 MSK ВАЖНО:  система баз данных запускается
2017-08-20 08:18:17 MSK ВАЖНО:  система баз данных запускается
2017-08-20 08:18:18 MSK ВАЖНО:  система баз данных запускается
2017-08-20 08:18:19 MSK ВАЖНО:  система баз данных запускается
2017-08-20 08:18:20 MSK ВАЖНО:  система баз данных запускается
2017-08-20 08:18:21 MSK ВАЖНО:  система баз данных запускается
2017-08-20 08:18:22 MSK ВАЖНО:  система баз данных запускается
2017-08-20 08:18:39 MSK ВАЖНО:  система баз данных запускается
2017-08-20 08:18:40 MSK СООБЩЕНИЕ:  не удалось получить данные от клиента: An established connection was aborted by the software in your host machine.
	
2017-08-20 08:18:42 MSK ВАЖНО:  система баз данных запускается
2017-08-20 08:18:43 MSK ВАЖНО:  система баз данных запускается
2017-08-20 08:18:44 MSK ВАЖНО:  система баз данных запускается
2017-08-20 08:18:45 MSK ВАЖНО:  система баз данных запускается
2017-08-20 08:18:46 MSK ВАЖНО:  система баз данных запускается
2017-08-20 08:18:48 MSK ВАЖНО:  система баз данных запускается
2017-08-20 08:18:49 MSK ВАЖНО:  система баз данных запускается
2017-08-20 08:18:50 MSK ВАЖНО:  система баз данных запускается
2017-08-20 08:18:51 MSK ВАЖНО:  система баз данных запускается
2017-08-20 08:18:53 MSK ВАЖНО:  система баз данных запускается
2017-08-20 08:18:54 MSK ВАЖНО:  система баз данных запускается
2017-08-20 08:18:55 MSK ВАЖНО:  система баз данных запускается
2017-08-20 08:18:56 MSK ВАЖНО:  система баз данных запускается
2017-08-20 08:18:57 MSK ВАЖНО:  система баз данных запускается
2017-08-20 08:18:58 MSK ВАЖНО:  система баз данных запускается
2017-08-20 08:19:00 MSK ВАЖНО:  система баз данных запускается
2017-08-20 08:19:01 MSK ВАЖНО:  система баз данных запускается
2017-08-20 08:19:02 MSK ВАЖНО:  система баз данных запускается
2017-08-20 08:19:03 MSK ВАЖНО:  система баз данных запускается
2017-08-20 08:19:04 MSK ВАЖНО:  система баз данных запускается
2017-08-20 08:19:05 MSK ВАЖНО:  система баз данных запускается
2017-08-20 08:19:06 MSK ВАЖНО:  система баз данных запускается
2017-08-20 08:19:07 MSK ВАЖНО:  система баз данных запускается
2017-08-20 08:19:08 MSK ВАЖНО:  система баз данных запускается
2017-08-20 08:19:09 MSK ВАЖНО:  система баз данных запускается
2017-08-20 08:19:10 MSK ВАЖНО:  система баз данных запускается
2017-08-20 08:19:11 MSK ВАЖНО:  система баз данных запускается
2017-08-20 08:19:12 MSK ВАЖНО:  система баз данных запускается
2017-08-20 08:19:14 MSK ВАЖНО:  система баз данных запускается
2017-08-20 08:19:15 MSK ВАЖНО:  система баз данных запускается
2017-08-20 08:19:16 MSK ВАЖНО:  система баз данных запускается
2017-08-20 08:19:17 MSK ВАЖНО:  система баз данных запускается
2017-08-20 08:19:18 MSK ВАЖНО:  система баз данных запускается
2017-08-20 08:19:19 MSK ВАЖНО:  система баз данных запускается
2017-08-20 08:19:20 MSK ВАЖНО:  система баз данных запускается
2017-08-20 08:19:21 MSK ВАЖНО:  система баз данных запускается
2017-08-20 08:19:22 MSK ВАЖНО:  система баз данных запускается
2017-08-20 08:22:32 MSK СООБЩЕНИЕ:  система БД была остановлена нештатно; производится автоматическое восстановление
2017-08-20 08:22:32 MSK СООБЩЕНИЕ:  неверная длина записи по смещению 0/17B6260
2017-08-20 08:22:32 MSK СООБЩЕНИЕ:  данные REDO не требуются
2017-08-20 08:22:32 MSK СООБЩЕНИЕ:  Защита от наложения мультитранзакций сейчас включена
2017-08-20 08:22:32 MSK СООБЩЕНИЕ:  система БД готова принимать подключения
2017-08-20 08:22:34 MSK СООБЩЕНИЕ:  процесс запуска автоочистки создан
