2017-09-06 06:47:51 MSK ВАЖНО:  система баз данных запускается
2017-09-06 06:47:51 MSK СООБЩЕНИЕ:  работа системы БД была прервана; последний момент работы: 2017-09-05 18:08:08 MSK
2017-09-06 06:47:52 MSK СООБЩЕНИЕ:  не удалось получить данные от клиента: An established connection was aborted by the software in your host machine.
	
2017-09-06 06:47:52 MSK ВАЖНО:  система баз данных запускается
2017-09-06 06:47:53 MSK ВАЖНО:  система баз данных запускается
2017-09-06 06:47:54 MSK ВАЖНО:  система баз данных запускается
2017-09-06 06:47:55 MSK ВАЖНО:  система баз данных запускается
2017-09-06 06:47:56 MSK ВАЖНО:  система баз данных запускается
2017-09-06 06:47:57 MSK ВАЖНО:  система баз данных запускается
2017-09-06 06:47:58 MSK ВАЖНО:  система баз данных запускается
2017-09-06 06:47:59 MSK ВАЖНО:  система баз данных запускается
2017-09-06 06:48:00 MSK ВАЖНО:  система баз данных запускается
2017-09-06 06:48:02 MSK ВАЖНО:  система баз данных запускается
2017-09-06 06:48:03 MSK ВАЖНО:  система баз данных запускается
2017-09-06 06:48:04 MSK ВАЖНО:  система баз данных запускается
2017-09-06 06:48:05 MSK ВАЖНО:  система баз данных запускается
2017-09-06 06:48:06 MSK ВАЖНО:  система баз данных запускается
2017-09-06 06:48:07 MSK ВАЖНО:  система баз данных запускается
2017-09-06 06:48:18 MSK ВАЖНО:  система баз данных запускается
2017-09-06 06:48:19 MSK СООБЩЕНИЕ:  не удалось получить данные от клиента: An established connection was aborted by the software in your host machine.
	
2017-09-06 06:48:19 MSK ВАЖНО:  система баз данных запускается
2017-09-06 06:48:20 MSK ВАЖНО:  система баз данных запускается
2017-09-06 06:48:21 MSK ВАЖНО:  система баз данных запускается
2017-09-06 06:48:22 MSK ВАЖНО:  система баз данных запускается
2017-09-06 06:48:24 MSK ВАЖНО:  система баз данных запускается
2017-09-06 06:48:25 MSK ВАЖНО:  система баз данных запускается
2017-09-06 06:48:26 MSK ВАЖНО:  система баз данных запускается
2017-09-06 06:48:27 MSK ВАЖНО:  система баз данных запускается
2017-09-06 06:48:28 MSK ВАЖНО:  система баз данных запускается
2017-09-06 06:48:29 MSK ВАЖНО:  система баз данных запускается
2017-09-06 06:48:30 MSK ВАЖНО:  система баз данных запускается
2017-09-06 06:48:31 MSK ВАЖНО:  система баз данных запускается
2017-09-06 06:48:32 MSK ВАЖНО:  система баз данных запускается
2017-09-06 06:48:33 MSK ВАЖНО:  система баз данных запускается
2017-09-06 06:48:34 MSK ВАЖНО:  система баз данных запускается
2017-09-06 06:48:35 MSK ВАЖНО:  система баз данных запускается
2017-09-06 06:48:36 MSK ВАЖНО:  система баз данных запускается
2017-09-06 06:48:37 MSK ВАЖНО:  система баз данных запускается
2017-09-06 06:48:38 MSK ВАЖНО:  система баз данных запускается
2017-09-06 06:48:39 MSK ВАЖНО:  система баз данных запускается
2017-09-06 06:48:40 MSK ВАЖНО:  система баз данных запускается
2017-09-06 06:48:41 MSK ВАЖНО:  система баз данных запускается
2017-09-06 06:48:42 MSK ВАЖНО:  система баз данных запускается
2017-09-06 06:48:43 MSK ВАЖНО:  система баз данных запускается
2017-09-06 06:48:44 MSK ВАЖНО:  система баз данных запускается
2017-09-06 06:48:45 MSK ВАЖНО:  система баз данных запускается
2017-09-06 06:48:46 MSK ВАЖНО:  система баз данных запускается
2017-09-06 06:48:47 MSK ВАЖНО:  система баз данных запускается
2017-09-06 06:48:48 MSK ВАЖНО:  система баз данных запускается
2017-09-06 06:48:50 MSK ВАЖНО:  система баз данных запускается
2017-09-06 06:48:51 MSK ВАЖНО:  система баз данных запускается
2017-09-06 06:48:52 MSK ВАЖНО:  система баз данных запускается
2017-09-06 06:48:53 MSK ВАЖНО:  система баз данных запускается
2017-09-06 06:51:14 MSK СООБЩЕНИЕ:  система БД была остановлена нештатно; производится автоматическое восстановление
2017-09-06 06:51:14 MSK СООБЩЕНИЕ:  неверная длина записи по смещению 0/17B6A40
2017-09-06 06:51:14 MSK СООБЩЕНИЕ:  данные REDO не требуются
2017-09-06 06:51:15 MSK СООБЩЕНИЕ:  Защита от наложения мультитранзакций сейчас включена
2017-09-06 06:51:15 MSK СООБЩЕНИЕ:  система БД готова принимать подключения
2017-09-06 06:51:15 MSK СООБЩЕНИЕ:  процесс запуска автоочистки создан
2017-09-06 07:09:57 MSK ВАЖНО:  пользователь "postgres" не прошёл проверку подлинности (по паролю)
2017-09-06 07:09:57 MSK ПОДРОБНОСТИ:  Подключение соответствует строке 80 в pg_hba.conf: "host    all             all             127.0.0.1/32            md5"
2017-09-06 07:10:57 MSK ВАЖНО:  пользователь "postgres" не прошёл проверку подлинности (по паролю)
2017-09-06 07:10:57 MSK ПОДРОБНОСТИ:  Подключение соответствует строке 80 в pg_hba.conf: "host    all             all             127.0.0.1/32            md5"
2017-09-06 07:10:57 MSK СООБЩЕНИЕ:  не удалось получить данные от клиента: An existing connection was forcibly closed by the remote host.
	
2017-09-06 07:10:58 MSK ВАЖНО:  пользователь "postgres" не прошёл проверку подлинности (по паролю)
2017-09-06 07:10:58 MSK ПОДРОБНОСТИ:  Подключение соответствует строке 80 в pg_hba.conf: "host    all             all             127.0.0.1/32            md5"
2017-09-06 07:10:58 MSK ВАЖНО:  пользователь "postgres" не прошёл проверку подлинности (по паролю)
2017-09-06 07:10:58 MSK ПОДРОБНОСТИ:  Подключение соответствует строке 80 в pg_hba.conf: "host    all             all             127.0.0.1/32            md5"
2017-09-06 07:10:58 MSK LOG:  could not send data to client: An existing connection was forcibly closed by the remote host.
	
2017-09-06 07:10:59 MSK ВАЖНО:  пользователь "postgres" не прошёл проверку подлинности (по паролю)
2017-09-06 07:10:59 MSK ПОДРОБНОСТИ:  Подключение соответствует строке 80 в pg_hba.conf: "host    all             all             127.0.0.1/32            md5"
2017-09-06 07:11:41 MSK ВАЖНО:  пользователь "postgres" не прошёл проверку подлинности (по паролю)
2017-09-06 07:11:41 MSK ПОДРОБНОСТИ:  Подключение соответствует строке 80 в pg_hba.conf: "host    all             all             127.0.0.1/32            md5"
2017-09-06 07:11:41 MSK СООБЩЕНИЕ:  не удалось послать данные клиенту: An existing connection was forcibly closed by the remote host.
	
2017-09-06 07:11:41 MSK ВАЖНО:  подключение к клиенту потеряно
2017-09-06 07:12:13 MSK ВАЖНО:  пользователь "postgres" не прошёл проверку подлинности (по паролю)
2017-09-06 07:12:13 MSK ПОДРОБНОСТИ:  Подключение соответствует строке 80 в pg_hba.conf: "host    all             all             127.0.0.1/32            md5"
2017-09-06 07:12:13 MSK ВАЖНО:  пользователь "postgres" не прошёл проверку подлинности (по паролю)
2017-09-06 07:12:13 MSK ПОДРОБНОСТИ:  Подключение соответствует строке 80 в pg_hba.conf: "host    all             all             127.0.0.1/32            md5"
2017-09-06 07:12:13 MSK ВАЖНО:  пользователь "postgres" не прошёл проверку подлинности (по паролю)
2017-09-06 07:12:13 MSK ПОДРОБНОСТИ:  Подключение соответствует строке 80 в pg_hba.conf: "host    all             all             127.0.0.1/32            md5"
2017-09-06 07:12:13 MSK ВАЖНО:  пользователь "postgres" не прошёл проверку подлинности (по паролю)
2017-09-06 07:12:13 MSK ПОДРОБНОСТИ:  Подключение соответствует строке 80 в pg_hba.conf: "host    all             all             127.0.0.1/32            md5"
2017-09-06 07:12:14 MSK ВАЖНО:  пользователь "postgres" не прошёл проверку подлинности (по паролю)
2017-09-06 07:12:14 MSK ПОДРОБНОСТИ:  Подключение соответствует строке 80 в pg_hba.conf: "host    all             all             127.0.0.1/32            md5"
2017-09-06 07:12:39 MSK ВАЖНО:  пользователь "postgres" не прошёл проверку подлинности (по паролю)
2017-09-06 07:12:39 MSK ПОДРОБНОСТИ:  Подключение соответствует строке 80 в pg_hba.conf: "host    all             all             127.0.0.1/32            md5"
2017-09-06 07:12:39 MSK СООБЩЕНИЕ:  не удалось получить данные от клиента: An existing connection was forcibly closed by the remote host.
	
2017-09-06 07:12:39 MSK СООБЩЕНИЕ:  неполный стартовый пакет
2017-09-06 07:12:40 MSK ВАЖНО:  пользователь "postgres" не прошёл проверку подлинности (по паролю)
2017-09-06 07:12:40 MSK ПОДРОБНОСТИ:  Подключение соответствует строке 80 в pg_hba.conf: "host    all             all             127.0.0.1/32            md5"
2017-09-06 07:12:40 MSK СООБЩЕНИЕ:  не удалось получить данные от клиента: An existing connection was forcibly closed by the remote host.
	
2017-09-06 07:12:41 MSK ВАЖНО:  пользователь "postgres" не прошёл проверку подлинности (по паролю)
2017-09-06 07:12:41 MSK ПОДРОБНОСТИ:  Подключение соответствует строке 80 в pg_hba.conf: "host    all             all             127.0.0.1/32            md5"
2017-09-06 07:13:04 MSK ВАЖНО:  пользователь "postgres" не прошёл проверку подлинности (по паролю)
2017-09-06 07:13:04 MSK ПОДРОБНОСТИ:  Подключение соответствует строке 80 в pg_hba.conf: "host    all             all             127.0.0.1/32            md5"
2017-09-06 07:14:25 MSK ВАЖНО:  пользователь "postgres" не прошёл проверку подлинности (по паролю)
2017-09-06 07:14:25 MSK ПОДРОБНОСТИ:  Подключение соответствует строке 80 в pg_hba.conf: "host    all             all             127.0.0.1/32            md5"
2017-09-06 07:14:25 MSK ВАЖНО:  пользователь "postgres" не прошёл проверку подлинности (по паролю)
2017-09-06 07:14:25 MSK ПОДРОБНОСТИ:  Подключение соответствует строке 80 в pg_hba.conf: "host    all             all             127.0.0.1/32            md5"
2017-09-06 07:14:26 MSK ВАЖНО:  пользователь "postgres" не прошёл проверку подлинности (по паролю)
2017-09-06 07:14:26 MSK ПОДРОБНОСТИ:  Подключение соответствует строке 80 в pg_hba.conf: "host    all             all             127.0.0.1/32            md5"
2017-09-06 07:14:26 MSK ВАЖНО:  пользователь "postgres" не прошёл проверку подлинности (по паролю)
2017-09-06 07:14:26 MSK ПОДРОБНОСТИ:  Подключение соответствует строке 80 в pg_hba.conf: "host    all             all             127.0.0.1/32            md5"
2017-09-06 07:14:27 MSK ВАЖНО:  пользователь "postgres" не прошёл проверку подлинности (по паролю)
2017-09-06 07:14:27 MSK ПОДРОБНОСТИ:  Подключение соответствует строке 80 в pg_hba.conf: "host    all             all             127.0.0.1/32            md5"
2017-09-06 07:14:35 MSK ВАЖНО:  пользователь "postgres" не прошёл проверку подлинности (по паролю)
2017-09-06 07:14:35 MSK ПОДРОБНОСТИ:  Подключение соответствует строке 80 в pg_hba.conf: "host    all             all             127.0.0.1/32            md5"
2017-09-06 07:14:35 MSK СООБЩЕНИЕ:  не удалось получить данные от клиента: An existing connection was forcibly closed by the remote host.
	
2017-09-06 07:14:35 MSK СООБЩЕНИЕ:  неполный стартовый пакет
2017-09-06 07:14:36 MSK ВАЖНО:  пользователь "postgres" не прошёл проверку подлинности (по паролю)
2017-09-06 07:14:36 MSK ПОДРОБНОСТИ:  Подключение соответствует строке 80 в pg_hba.conf: "host    all             all             127.0.0.1/32            md5"
2017-09-06 07:14:36 MSK СООБЩЕНИЕ:  не удалось получить данные от клиента: An existing connection was forcibly closed by the remote host.
	
2017-09-06 07:14:37 MSK ВАЖНО:  пользователь "postgres" не прошёл проверку подлинности (по паролю)
2017-09-06 07:14:37 MSK ПОДРОБНОСТИ:  Подключение соответствует строке 80 в pg_hba.conf: "host    all             all             127.0.0.1/32            md5"
2017-09-06 07:15:21 MSK ВАЖНО:  пользователь "postgres" не прошёл проверку подлинности (по паролю)
2017-09-06 07:15:21 MSK ПОДРОБНОСТИ:  Подключение соответствует строке 80 в pg_hba.conf: "host    all             all             127.0.0.1/32            md5"
2017-09-06 07:15:21 MSK ВАЖНО:  пользователь "postgres" не прошёл проверку подлинности (по паролю)
2017-09-06 07:15:21 MSK ПОДРОБНОСТИ:  Подключение соответствует строке 80 в pg_hba.conf: "host    all             all             127.0.0.1/32            md5"
2017-09-06 07:15:21 MSK ВАЖНО:  пользователь "postgres" не прошёл проверку подлинности (по паролю)
2017-09-06 07:15:21 MSK ПОДРОБНОСТИ:  Подключение соответствует строке 80 в pg_hba.conf: "host    all             all             127.0.0.1/32            md5"
2017-09-06 07:15:22 MSK СООБЩЕНИЕ:  не удалось получить данные от клиента: An existing connection was forcibly closed by the remote host.
	
2017-09-06 07:15:22 MSK ВАЖНО:  пользователь "postgres" не прошёл проверку подлинности (по паролю)
2017-09-06 07:15:22 MSK ПОДРОБНОСТИ:  Подключение соответствует строке 80 в pg_hba.conf: "host    all             all             127.0.0.1/32            md5"
2017-09-06 10:05:37 MSK СООБЩЕНИЕ:  получен запрос на быстрое выключение
2017-09-06 10:05:38 MSK СООБЩЕНИЕ:  прерывание всех активных транзакций
2017-09-06 10:05:39 MSK СООБЩЕНИЕ:  процесс запуска автоочистки завершается
2017-09-06 10:05:41 MSK СООБЩЕНИЕ:  выключение
2017-09-06 10:05:42 MSK СООБЩЕНИЕ:  система БД выключена
