2017-09-03 07:42:35 MSK ВАЖНО:  система баз данных запускается
2017-09-03 07:42:35 MSK СООБЩЕНИЕ:  работа системы БД была прервана; последний момент работы: 2017-09-02 17:50:30 MSK
2017-09-03 07:42:35 MSK СООБЩЕНИЕ:  не удалось получить данные от клиента: An established connection was aborted by the software in your host machine.
	
2017-09-03 07:42:36 MSK ВАЖНО:  система баз данных запускается
2017-09-03 07:42:37 MSK ВАЖНО:  система баз данных запускается
2017-09-03 07:42:38 MSK ВАЖНО:  система баз данных запускается
2017-09-03 07:42:53 MSK СООБЩЕНИЕ:  не удалось получить данные от клиента: An established connection was aborted by the software in your host machine.
	
2017-09-03 07:43:07 MSK ВАЖНО:  система баз данных запускается
2017-09-03 07:43:09 MSK ВАЖНО:  система баз данных запускается
2017-09-03 07:43:10 MSK ВАЖНО:  система баз данных запускается
2017-09-03 07:43:11 MSK ВАЖНО:  система баз данных запускается
2017-09-03 07:43:12 MSK ВАЖНО:  система баз данных запускается
2017-09-03 07:43:13 MSK ВАЖНО:  система баз данных запускается
2017-09-03 07:43:14 MSK ВАЖНО:  система баз данных запускается
2017-09-03 07:43:15 MSK ВАЖНО:  система баз данных запускается
2017-09-03 07:43:16 MSK ВАЖНО:  система баз данных запускается
2017-09-03 07:43:17 MSK ВАЖНО:  система баз данных запускается
2017-09-03 07:43:18 MSK ВАЖНО:  система баз данных запускается
2017-09-03 07:43:19 MSK ВАЖНО:  система баз данных запускается
2017-09-03 07:43:20 MSK ВАЖНО:  система баз данных запускается
2017-09-03 07:43:21 MSK ВАЖНО:  система баз данных запускается
2017-09-03 07:43:22 MSK ВАЖНО:  система баз данных запускается
2017-09-03 07:43:24 MSK ВАЖНО:  система баз данных запускается
2017-09-03 07:43:25 MSK ВАЖНО:  система баз данных запускается
2017-09-03 07:43:26 MSK ВАЖНО:  система баз данных запускается
2017-09-03 07:43:27 MSK ВАЖНО:  система баз данных запускается
2017-09-03 07:43:28 MSK ВАЖНО:  система баз данных запускается
2017-09-03 07:43:29 MSK ВАЖНО:  система баз данных запускается
2017-09-03 07:43:30 MSK ВАЖНО:  система баз данных запускается
2017-09-03 07:43:31 MSK ВАЖНО:  система баз данных запускается
2017-09-03 07:43:32 MSK ВАЖНО:  система баз данных запускается
2017-09-03 07:43:33 MSK ВАЖНО:  система баз данных запускается
2017-09-03 07:43:34 MSK ВАЖНО:  система баз данных запускается
2017-09-03 07:43:35 MSK ВАЖНО:  система баз данных запускается
2017-09-03 07:43:36 MSK ВАЖНО:  система баз данных запускается
2017-09-03 07:43:37 MSK ВАЖНО:  система баз данных запускается
2017-09-03 07:43:38 MSK ВАЖНО:  система баз данных запускается
2017-09-03 07:43:39 MSK ВАЖНО:  система баз данных запускается
2017-09-03 07:43:40 MSK ВАЖНО:  система баз данных запускается
2017-09-03 07:43:41 MSK ВАЖНО:  система баз данных запускается
2017-09-03 07:43:42 MSK ВАЖНО:  система баз данных запускается
2017-09-03 07:43:43 MSK ВАЖНО:  система баз данных запускается
2017-09-03 07:43:44 MSK ВАЖНО:  система баз данных запускается
2017-09-03 07:43:45 MSK ВАЖНО:  система баз данных запускается
2017-09-03 07:43:46 MSK ВАЖНО:  система баз данных запускается
2017-09-03 07:43:47 MSK ВАЖНО:  система баз данных запускается
2017-09-03 07:43:48 MSK ВАЖНО:  система баз данных запускается
2017-09-03 07:43:49 MSK ВАЖНО:  система баз данных запускается
2017-09-03 07:43:50 MSK ВАЖНО:  система баз данных запускается
2017-09-03 07:43:51 MSK ВАЖНО:  система баз данных запускается
2017-09-03 07:43:52 MSK ВАЖНО:  система баз данных запускается
2017-09-03 07:43:53 MSK ВАЖНО:  система баз данных запускается
2017-09-03 07:43:54 MSK ВАЖНО:  система баз данных запускается
2017-09-03 07:43:55 MSK ВАЖНО:  система баз данных запускается
2017-09-03 07:46:09 MSK СООБЩЕНИЕ:  система БД была остановлена нештатно; производится автоматическое восстановление
2017-09-03 07:46:09 MSK СООБЩЕНИЕ:  неверная длина записи по смещению 0/17B6810
2017-09-03 07:46:09 MSK СООБЩЕНИЕ:  данные REDO не требуются
2017-09-03 07:46:10 MSK СООБЩЕНИЕ:  Защита от наложения мультитранзакций сейчас включена
2017-09-03 07:46:10 MSK СООБЩЕНИЕ:  система БД готова принимать подключения
2017-09-03 07:46:10 MSK СООБЩЕНИЕ:  процесс запуска автоочистки создан
