2017-08-21 12:47:51 MSK ВАЖНО:  система баз данных запускается
2017-08-21 12:47:51 MSK СООБЩЕНИЕ:  работа системы БД была прервана; последний момент работы: 2017-08-21 11:21:13 MSK
2017-08-21 12:47:52 MSK СООБЩЕНИЕ:  не удалось получить данные от клиента: An established connection was aborted by the software in your host machine.
	
2017-08-21 12:47:52 MSK ВАЖНО:  система баз данных запускается
2017-08-21 12:47:53 MSK ВАЖНО:  система баз данных запускается
2017-08-21 12:47:54 MSK ВАЖНО:  система баз данных запускается
2017-08-21 12:47:55 MSK ВАЖНО:  система баз данных запускается
2017-08-21 12:47:56 MSK ВАЖНО:  система баз данных запускается
2017-08-21 12:47:57 MSK ВАЖНО:  система баз данных запускается
2017-08-21 12:47:59 MSK ВАЖНО:  система баз данных запускается
2017-08-21 12:48:00 MSK ВАЖНО:  система баз данных запускается
2017-08-21 12:48:01 MSK ВАЖНО:  система баз данных запускается
2017-08-21 12:48:02 MSK ВАЖНО:  система баз данных запускается
2017-08-21 12:48:03 MSK ВАЖНО:  система баз данных запускается
2017-08-21 12:48:04 MSK ВАЖНО:  система баз данных запускается
2017-08-21 12:48:05 MSK ВАЖНО:  система баз данных запускается
2017-08-21 12:48:06 MSK ВАЖНО:  система баз данных запускается
2017-08-21 12:48:07 MSK ВАЖНО:  система баз данных запускается
2017-08-21 12:48:08 MSK ВАЖНО:  система баз данных запускается
2017-08-21 12:48:09 MSK ВАЖНО:  система баз данных запускается
2017-08-21 12:48:10 MSK ВАЖНО:  система баз данных запускается
2017-08-21 12:48:11 MSK ВАЖНО:  система баз данных запускается
2017-08-21 12:48:12 MSK ВАЖНО:  система баз данных запускается
2017-08-21 12:48:13 MSK ВАЖНО:  система баз данных запускается
2017-08-21 12:48:14 MSK ВАЖНО:  система баз данных запускается
2017-08-21 12:48:15 MSK ВАЖНО:  система баз данных запускается
2017-08-21 12:48:16 MSK ВАЖНО:  система баз данных запускается
2017-08-21 12:48:17 MSK ВАЖНО:  система баз данных запускается
2017-08-21 12:48:18 MSK ВАЖНО:  система баз данных запускается
2017-08-21 12:48:19 MSK ВАЖНО:  система баз данных запускается
2017-08-21 12:48:20 MSK ВАЖНО:  система баз данных запускается
2017-08-21 12:48:21 MSK ВАЖНО:  система баз данных запускается
2017-08-21 12:48:22 MSK ВАЖНО:  система баз данных запускается
2017-08-21 12:48:23 MSK ВАЖНО:  система баз данных запускается
2017-08-21 12:48:24 MSK ВАЖНО:  система баз данных запускается
2017-08-21 12:48:25 MSK ВАЖНО:  система баз данных запускается
2017-08-21 12:48:26 MSK ВАЖНО:  система баз данных запускается
2017-08-21 12:48:27 MSK ВАЖНО:  система баз данных запускается
2017-08-21 12:48:29 MSK ВАЖНО:  система баз данных запускается
2017-08-21 12:48:30 MSK ВАЖНО:  система баз данных запускается
2017-08-21 12:48:31 MSK ВАЖНО:  система баз данных запускается
2017-08-21 12:48:32 MSK ВАЖНО:  система баз данных запускается
2017-08-21 12:48:33 MSK ВАЖНО:  система баз данных запускается
2017-08-21 12:48:34 MSK ВАЖНО:  система баз данных запускается
2017-08-21 12:48:35 MSK ВАЖНО:  система баз данных запускается
2017-08-21 12:48:36 MSK ВАЖНО:  система баз данных запускается
2017-08-21 12:48:37 MSK ВАЖНО:  система баз данных запускается
2017-08-21 12:48:38 MSK ВАЖНО:  система баз данных запускается
2017-08-21 12:48:39 MSK ВАЖНО:  система баз данных запускается
2017-08-21 12:48:40 MSK ВАЖНО:  система баз данных запускается
2017-08-21 12:48:41 MSK ВАЖНО:  система баз данных запускается
2017-08-21 12:48:42 MSK ВАЖНО:  система баз данных запускается
2017-08-21 12:48:43 MSK ВАЖНО:  система баз данных запускается
2017-08-21 12:49:14 MSK СООБЩЕНИЕ:  система БД была остановлена нештатно; производится автоматическое восстановление
2017-08-21 12:49:14 MSK СООБЩЕНИЕ:  неверная длина записи по смещению 0/17B63B0
2017-08-21 12:49:14 MSK СООБЩЕНИЕ:  данные REDO не требуются
2017-08-21 12:49:16 MSK СООБЩЕНИЕ:  Защита от наложения мультитранзакций сейчас включена
2017-08-21 12:49:16 MSK СООБЩЕНИЕ:  система БД готова принимать подключения
2017-08-21 12:49:17 MSK СООБЩЕНИЕ:  процесс запуска автоочистки создан
