2017-08-14 16:49:21 MSK ВАЖНО:  система баз данных запускается
2017-08-14 16:49:21 MSK СООБЩЕНИЕ:  работа системы БД была прервана; последний момент работы: 2017-08-14 08:44:24 MSK
2017-08-14 16:49:22 MSK ВАЖНО:  система баз данных запускается
2017-08-14 16:49:23 MSK ВАЖНО:  система баз данных запускается
2017-08-14 16:49:24 MSK ВАЖНО:  система баз данных запускается
2017-08-14 16:49:25 MSK ВАЖНО:  система баз данных запускается
2017-08-14 16:49:27 MSK ВАЖНО:  система баз данных запускается
2017-08-14 16:49:28 MSK ВАЖНО:  система баз данных запускается
2017-08-14 16:49:29 MSK ВАЖНО:  система баз данных запускается
2017-08-14 16:49:30 MSK ВАЖНО:  система баз данных запускается
2017-08-14 16:49:39 MSK ВАЖНО:  система баз данных запускается
2017-08-14 16:49:40 MSK СООБЩЕНИЕ:  не удалось получить данные от клиента: An established connection was aborted by the software in your host machine.
	
2017-08-14 16:49:40 MSK ВАЖНО:  система баз данных запускается
2017-08-14 16:49:41 MSK ВАЖНО:  система баз данных запускается
2017-08-14 16:49:42 MSK ВАЖНО:  система баз данных запускается
2017-08-14 16:49:43 MSK ВАЖНО:  система баз данных запускается
2017-08-14 16:49:45 MSK ВАЖНО:  система баз данных запускается
2017-08-14 16:49:46 MSK ВАЖНО:  система баз данных запускается
2017-08-14 16:49:47 MSK ВАЖНО:  система баз данных запускается
2017-08-14 16:49:48 MSK ВАЖНО:  система баз данных запускается
2017-08-14 16:49:49 MSK ВАЖНО:  система баз данных запускается
2017-08-14 16:49:50 MSK ВАЖНО:  система баз данных запускается
2017-08-14 16:49:51 MSK ВАЖНО:  система баз данных запускается
2017-08-14 16:49:52 MSK ВАЖНО:  система баз данных запускается
2017-08-14 16:49:53 MSK ВАЖНО:  система баз данных запускается
2017-08-14 16:49:54 MSK ВАЖНО:  система баз данных запускается
2017-08-14 16:49:55 MSK ВАЖНО:  система баз данных запускается
2017-08-14 16:49:56 MSK ВАЖНО:  система баз данных запускается
2017-08-14 16:49:57 MSK ВАЖНО:  система баз данных запускается
2017-08-14 16:49:58 MSK ВАЖНО:  система баз данных запускается
2017-08-14 16:49:59 MSK ВАЖНО:  система баз данных запускается
2017-08-14 16:50:00 MSK ВАЖНО:  система баз данных запускается
2017-08-14 16:50:01 MSK ВАЖНО:  система баз данных запускается
2017-08-14 16:50:02 MSK ВАЖНО:  система баз данных запускается
2017-08-14 16:50:03 MSK ВАЖНО:  система баз данных запускается
2017-08-14 16:50:04 MSK ВАЖНО:  система баз данных запускается
2017-08-14 16:50:05 MSK ВАЖНО:  система баз данных запускается
2017-08-14 16:50:06 MSK ВАЖНО:  система баз данных запускается
2017-08-14 16:50:07 MSK ВАЖНО:  система баз данных запускается
2017-08-14 16:50:08 MSK ВАЖНО:  система баз данных запускается
2017-08-14 16:50:09 MSK ВАЖНО:  система баз данных запускается
2017-08-14 16:50:10 MSK ВАЖНО:  система баз данных запускается
2017-08-14 16:50:11 MSK ВАЖНО:  система баз данных запускается
2017-08-14 16:50:12 MSK ВАЖНО:  система баз данных запускается
2017-08-14 16:50:13 MSK ВАЖНО:  система баз данных запускается
2017-08-14 16:50:14 MSK ВАЖНО:  система баз данных запускается
2017-08-14 16:50:15 MSK ВАЖНО:  система баз данных запускается
2017-08-14 16:50:16 MSK ВАЖНО:  система баз данных запускается
2017-08-14 16:50:17 MSK СООБЩЕНИЕ:  система БД была остановлена нештатно; производится автоматическое восстановление
2017-08-14 16:50:17 MSK СООБЩЕНИЕ:  неверная длина записи по смещению 0/17B6030
2017-08-14 16:50:17 MSK СООБЩЕНИЕ:  данные REDO не требуются
2017-08-14 16:50:17 MSK СООБЩЕНИЕ:  Защита от наложения мультитранзакций сейчас включена
2017-08-14 16:50:17 MSK СООБЩЕНИЕ:  система БД готова принимать подключения
2017-08-14 16:50:17 MSK СООБЩЕНИЕ:  процесс запуска автоочистки создан
